{"E:\\GRM\\PROJ\\frontend\\src\\components\\AddressModal.jsx": {"path":"E:\\GRM\\PROJ\\frontend\\src\\components\\AddressModal.jsx","statementMap":{"0":{"start":{"line":8,"column":2},"end":{"line":11,"column":null}},"1":{"start":{"line":25,"column":26},"end":{"line":25,"column":null}},"2":{"start":{"line":26,"column":30},"end":{"line":26,"column":null}},"3":{"start":{"line":27,"column":48},"end":{"line":27,"column":null}},"4":{"start":{"line":28,"column":38},"end":{"line":28,"column":null}},"5":{"start":{"line":29,"column":36},"end":{"line":29,"column":null}},"6":{"start":{"line":30,"column":42},"end":{"line":30,"column":null}},"7":{"start":{"line":31,"column":48},"end":{"line":31,"column":null}},"8":{"start":{"line":33,"column":2},"end":{"line":38,"column":null}},"9":{"start":{"line":34,"column":4},"end":{"line":34,"column":null}},"10":{"start":{"line":34,"column":15},"end":{"line":34,"column":null}},"11":{"start":{"line":35,"column":4},"end":{"line":35,"column":null}},"12":{"start":{"line":36,"column":4},"end":{"line":36,"column":null}},"13":{"start":{"line":37,"column":4},"end":{"line":37,"column":null}},"14":{"start":{"line":40,"column":2},"end":{"line":53,"column":null}},"15":{"start":{"line":41,"column":4},"end":{"line":41,"column":null}},"16":{"start":{"line":41,"column":15},"end":{"line":41,"column":null}},"17":{"start":{"line":42,"column":20},"end":{"line":42,"column":null}},"18":{"start":{"line":43,"column":4},"end":{"line":49,"column":null}},"19":{"start":{"line":45,"column":8},"end":{"line":45,"column":null}},"20":{"start":{"line":45,"column":24},"end":{"line":45,"column":null}},"21":{"start":{"line":48,"column":8},"end":{"line":48,"column":null}},"22":{"start":{"line":48,"column":24},"end":{"line":48,"column":null}},"23":{"start":{"line":50,"column":4},"end":{"line":52,"column":null}},"24":{"start":{"line":51,"column":6},"end":{"line":51,"column":null}},"25":{"start":{"line":55,"column":2},"end":{"line":71,"column":null}},"26":{"start":{"line":56,"column":4},"end":{"line":59,"column":null}},"27":{"start":{"line":57,"column":6},"end":{"line":57,"column":null}},"28":{"start":{"line":58,"column":6},"end":{"line":58,"column":null}},"29":{"start":{"line":60,"column":20},"end":{"line":60,"column":null}},"30":{"start":{"line":61,"column":4},"end":{"line":67,"column":null}},"31":{"start":{"line":63,"column":8},"end":{"line":63,"column":null}},"32":{"start":{"line":63,"column":24},"end":{"line":63,"column":null}},"33":{"start":{"line":66,"column":8},"end":{"line":66,"column":null}},"34":{"start":{"line":66,"column":24},"end":{"line":66,"column":null}},"35":{"start":{"line":68,"column":4},"end":{"line":70,"column":null}},"36":{"start":{"line":69,"column":6},"end":{"line":69,"column":null}},"37":{"start":{"line":73,"column":2},"end":{"line":90,"column":null}},"38":{"start":{"line":74,"column":4},"end":{"line":74,"column":null}},"39":{"start":{"line":74,"column":15},"end":{"line":74,"column":null}},"40":{"start":{"line":77,"column":6},"end":{"line":79,"column":null}},"41":{"start":{"line":78,"column":8},"end":{"line":78,"column":null}},"42":{"start":{"line":82,"column":29},"end":{"line":82,"column":null}},"43":{"start":{"line":83,"column":4},"end":{"line":83,"column":null}},"44":{"start":{"line":84,"column":4},"end":{"line":84,"column":null}},"45":{"start":{"line":86,"column":4},"end":{"line":89,"column":null}},"46":{"start":{"line":87,"column":6},"end":{"line":87,"column":null}},"47":{"start":{"line":88,"column":6},"end":{"line":88,"column":null}},"48":{"start":{"line":92,"column":2},"end":{"line":92,"column":null}},"49":{"start":{"line":92,"column":13},"end":{"line":92,"column":null}},"50":{"start":{"line":95,"column":4},"end":{"line":95,"column":null}},"51":{"start":{"line":95,"column":26},"end":{"line":95,"column":101}},"52":{"start":{"line":96,"column":4},"end":{"line":96,"column":null}},"53":{"start":{"line":96,"column":28},"end":{"line":96,"column":54}},"54":{"start":{"line":100,"column":4},"end":{"line":102,"column":null}},"55":{"start":{"line":101,"column":6},"end":{"line":101,"column":null}},"56":{"start":{"line":104,"column":21},"end":{"line":104,"column":null}},"57":{"start":{"line":105,"column":19},"end":{"line":105,"column":null}},"58":{"start":{"line":106,"column":18},"end":{"line":106,"column":null}},"59":{"start":{"line":107,"column":4},"end":{"line":107,"column":null}},"60":{"start":{"line":107,"column":16},"end":{"line":107,"column":null}},"61":{"start":{"line":109,"column":10},"end":{"line":110,"column":null}},"62":{"start":{"line":110,"column":6},"end":{"line":110,"column":null}},"63":{"start":{"line":110,"column":52},"end":{"line":110,"column":83}},"64":{"start":{"line":112,"column":4},"end":{"line":122,"column":null}},"65":{"start":{"line":126,"column":4},"end":{"line":135,"column":null}},"66":{"start":{"line":126,"column":26},"end":{"line":135,"column":6}},"67":{"start":{"line":136,"column":4},"end":{"line":139,"column":null}},"68":{"start":{"line":143,"column":4},"end":{"line":143,"column":null}},"69":{"start":{"line":144,"column":4},"end":{"line":144,"column":null}},"70":{"start":{"line":145,"column":4},"end":{"line":152,"column":null}},"71":{"start":{"line":146,"column":12},"end":{"line":148,"column":null}},"72":{"start":{"line":149,"column":6},"end":{"line":149,"column":null}},"73":{"start":{"line":151,"column":6},"end":{"line":151,"column":null}},"74":{"start":{"line":156,"column":4},"end":{"line":156,"column":null}},"75":{"start":{"line":157,"column":4},"end":{"line":162,"column":null}},"76":{"start":{"line":158,"column":23},"end":{"line":158,"column":55}},"77":{"start":{"line":159,"column":6},"end":{"line":159,"column":null}},"78":{"start":{"line":161,"column":6},"end":{"line":161,"column":null}},"79":{"start":{"line":166,"column":4},"end":{"line":166,"column":null}},"80":{"start":{"line":167,"column":23},"end":{"line":167,"column":null}},"81":{"start":{"line":168,"column":4},"end":{"line":168,"column":null}},"82":{"start":{"line":169,"column":4},"end":{"line":169,"column":null}},"83":{"start":{"line":169,"column":44},"end":{"line":169,"column":null}},"84":{"start":{"line":170,"column":4},"end":{"line":170,"column":null}},"85":{"start":{"line":174,"column":4},"end":{"line":195,"column":null}},"86":{"start":{"line":175,"column":6},"end":{"line":193,"column":null}},"87":{"start":{"line":180,"column":33},"end":{"line":180,"column":null}},"88":{"start":{"line":187,"column":14},"end":{"line":189,"column":null}},"89":{"start":{"line":197,"column":4},"end":{"line":219,"column":null}},"90":{"start":{"line":198,"column":6},"end":{"line":217,"column":null}},"91":{"start":{"line":203,"column":33},"end":{"line":203,"column":null}},"92":{"start":{"line":211,"column":14},"end":{"line":213,"column":null}},"93":{"start":{"line":221,"column":4},"end":{"line":232,"column":null}},"94":{"start":{"line":226,"column":31},"end":{"line":226,"column":null}},"95":{"start":{"line":236,"column":2},"end":{"line":343,"column":null}},"96":{"start":{"line":240,"column":28},"end":{"line":240,"column":null}},"97":{"start":{"line":290,"column":36},"end":{"line":290,"column":59}},"98":{"start":{"line":319,"column":35},"end":{"line":319,"column":null}}},"fnMap":{"0":{"name":"buildMapCoordinates","decl":{"start":{"line":7,"column":9},"end":{"line":7,"column":29}},"loc":{"start":{"line":7,"column":42},"end":{"line":12,"column":null}},"line":7},"1":{"name":"AddressModal","decl":{"start":{"line":14,"column":16},"end":{"line":14,"column":29}},"loc":{"start":{"line":24,"column":3},"end":{"line":345,"column":null}},"line":24},"2":{"name":"(anonymous_2)","decl":{"start":{"line":33,"column":2},"end":{"line":33,"column":18}},"loc":{"start":{"line":33,"column":18},"end":{"line":38,"column":5}},"line":33},"3":{"name":"(anonymous_3)","decl":{"start":{"line":40,"column":2},"end":{"line":40,"column":18}},"loc":{"start":{"line":40,"column":18},"end":{"line":53,"column":5}},"line":40},"4":{"name":"(anonymous_4)","decl":{"start":{"line":44,"column":7},"end":{"line":44,"column":13}},"loc":{"start":{"line":44,"column":24},"end":{"line":46,"column":7}},"line":44},"5":{"name":"(anonymous_5)","decl":{"start":{"line":47,"column":7},"end":{"line":47,"column":19}},"loc":{"start":{"line":47,"column":19},"end":{"line":49,"column":7}},"line":47},"6":{"name":"(anonymous_6)","decl":{"start":{"line":50,"column":4},"end":{"line":50,"column":17}},"loc":{"start":{"line":50,"column":17},"end":{"line":52,"column":null}},"line":50},"7":{"name":"(anonymous_7)","decl":{"start":{"line":55,"column":2},"end":{"line":55,"column":18}},"loc":{"start":{"line":55,"column":18},"end":{"line":71,"column":5}},"line":55},"8":{"name":"(anonymous_8)","decl":{"start":{"line":62,"column":7},"end":{"line":62,"column":13}},"loc":{"start":{"line":62,"column":27},"end":{"line":64,"column":7}},"line":62},"9":{"name":"(anonymous_9)","decl":{"start":{"line":65,"column":7},"end":{"line":65,"column":19}},"loc":{"start":{"line":65,"column":19},"end":{"line":67,"column":7}},"line":65},"10":{"name":"(anonymous_10)","decl":{"start":{"line":68,"column":4},"end":{"line":68,"column":17}},"loc":{"start":{"line":68,"column":17},"end":{"line":70,"column":null}},"line":68},"11":{"name":"(anonymous_11)","decl":{"start":{"line":73,"column":2},"end":{"line":73,"column":18}},"loc":{"start":{"line":73,"column":18},"end":{"line":90,"column":5}},"line":73},"12":{"name":"handleKeyDown","decl":{"start":{"line":76,"column":13},"end":{"line":76,"column":27}},"loc":{"start":{"line":76,"column":34},"end":{"line":80,"column":null}},"line":76},"13":{"name":"(anonymous_13)","decl":{"start":{"line":86,"column":4},"end":{"line":86,"column":17}},"loc":{"start":{"line":86,"column":17},"end":{"line":89,"column":null}},"line":86},"14":{"name":"handleFieldChange","decl":{"start":{"line":94,"column":11},"end":{"line":94,"column":29}},"loc":{"start":{"line":94,"column":41},"end":{"line":97,"column":null}},"line":94},"15":{"name":"(anonymous_15)","decl":{"start":{"line":95,"column":4},"end":{"line":95,"column":13}},"loc":{"start":{"line":95,"column":26},"end":{"line":95,"column":101}},"line":95},"16":{"name":"(anonymous_16)","decl":{"start":{"line":96,"column":4},"end":{"line":96,"column":15}},"loc":{"start":{"line":96,"column":28},"end":{"line":96,"column":54}},"line":96},"17":{"name":"reverseGeocodeWithGoogle","decl":{"start":{"line":99,"column":17},"end":{"line":99,"column":42}},"loc":{"start":{"line":99,"column":56},"end":{"line":123,"column":null}},"line":99},"18":{"name":"(anonymous_18)","decl":{"start":{"line":109,"column":10},"end":{"line":109,"column":20}},"loc":{"start":{"line":110,"column":6},"end":{"line":110,"column":null}},"line":110},"19":{"name":"(anonymous_19)","decl":{"start":{"line":110,"column":32},"end":{"line":110,"column":38}},"loc":{"start":{"line":110,"column":52},"end":{"line":110,"column":83}},"line":110},"20":{"name":"applyResolvedLocation","decl":{"start":{"line":125,"column":17},"end":{"line":125,"column":39}},"loc":{"start":{"line":125,"column":49},"end":{"line":140,"column":null}},"line":125},"21":{"name":"(anonymous_21)","decl":{"start":{"line":126,"column":4},"end":{"line":126,"column":13}},"loc":{"start":{"line":126,"column":26},"end":{"line":135,"column":6}},"line":126},"22":{"name":"handleMapLocationChange","decl":{"start":{"line":142,"column":17},"end":{"line":142,"column":41}},"loc":{"start":{"line":142,"column":55},"end":{"line":153,"column":null}},"line":142},"23":{"name":"handleUseCurrentLocation","decl":{"start":{"line":155,"column":17},"end":{"line":155,"column":44}},"loc":{"start":{"line":155,"column":44},"end":{"line":163,"column":null}},"line":155},"24":{"name":"handleSubmit","decl":{"start":{"line":165,"column":17},"end":{"line":165,"column":30}},"loc":{"start":{"line":165,"column":37},"end":{"line":171,"column":null}},"line":165},"25":{"name":"renderField","decl":{"start":{"line":173,"column":11},"end":{"line":173,"column":23}},"loc":{"start":{"line":173,"column":35},"end":{"line":234,"column":null}},"line":173},"26":{"name":"(anonymous_26)","decl":{"start":{"line":180,"column":12},"end":{"line":180,"column":23}},"loc":{"start":{"line":180,"column":33},"end":{"line":180,"column":null}},"line":180},"27":{"name":"(anonymous_27)","decl":{"start":{"line":186,"column":81},"end":{"line":186,"column":86}},"loc":{"start":{"line":187,"column":14},"end":{"line":189,"column":null}},"line":187},"28":{"name":"(anonymous_28)","decl":{"start":{"line":203,"column":12},"end":{"line":203,"column":23}},"loc":{"start":{"line":203,"column":33},"end":{"line":203,"column":null}},"line":203},"29":{"name":"(anonymous_29)","decl":{"start":{"line":210,"column":90},"end":{"line":210,"column":95}},"loc":{"start":{"line":211,"column":14},"end":{"line":213,"column":null}},"line":211},"30":{"name":"(anonymous_30)","decl":{"start":{"line":226,"column":10},"end":{"line":226,"column":21}},"loc":{"start":{"line":226,"column":31},"end":{"line":226,"column":null}},"line":226},"31":{"name":"(anonymous_31)","decl":{"start":{"line":240,"column":8},"end":{"line":240,"column":18}},"loc":{"start":{"line":240,"column":28},"end":{"line":240,"column":null}},"line":240},"32":{"name":"(anonymous_32)","decl":{"start":{"line":290,"column":14},"end":{"line":290,"column":19}},"loc":{"start":{"line":290,"column":36},"end":{"line":290,"column":59}},"line":290},"33":{"name":"(anonymous_33)","decl":{"start":{"line":319,"column":14},"end":{"line":319,"column":25}},"loc":{"start":{"line":319,"column":35},"end":{"line":319,"column":null}},"line":319}},"branchMap":{"0":{"loc":{"start":{"line":9,"column":16},"end":{"line":9,"column":51}},"type":"binary-expr","locations":[{"start":{"line":9,"column":16},"end":{"line":9,"column":41}},{"start":{"line":9,"column":41},"end":{"line":9,"column":51}}],"line":9},"1":{"loc":{"start":{"line":10,"column":16},"end":{"line":10,"column":52}},"type":"binary-expr","locations":[{"start":{"line":10,"column":16},"end":{"line":10,"column":42}},{"start":{"line":10,"column":42},"end":{"line":10,"column":52}}],"line":10},"2":{"loc":{"start":{"line":16,"column":2},"end":{"line":16,"column":null}},"type":"default-arg","locations":[{"start":{"line":16,"column":18},"end":{"line":16,"column":null}}],"line":16},"3":{"loc":{"start":{"line":17,"column":2},"end":{"line":17,"column":null}},"type":"default-arg","locations":[{"start":{"line":17,"column":11},"end":{"line":17,"column":null}}],"line":17},"4":{"loc":{"start":{"line":19,"column":2},"end":{"line":19,"column":null}},"type":"default-arg","locations":[{"start":{"line":19,"column":10},"end":{"line":19,"column":null}}],"line":19},"5":{"loc":{"start":{"line":20,"column":2},"end":{"line":20,"column":null}},"type":"default-arg","locations":[{"start":{"line":20,"column":16},"end":{"line":20,"column":null}}],"line":20},"6":{"loc":{"start":{"line":21,"column":2},"end":{"line":21,"column":null}},"type":"default-arg","locations":[{"start":{"line":21,"column":16},"end":{"line":21,"column":null}}],"line":21},"7":{"loc":{"start":{"line":34,"column":4},"end":{"line":34,"column":null}},"type":"if","locations":[{"start":{"line":34,"column":4},"end":{"line":34,"column":null}},{"start":{},"end":{}}],"line":34},"8":{"loc":{"start":{"line":41,"column":4},"end":{"line":41,"column":null}},"type":"if","locations":[{"start":{"line":41,"column":4},"end":{"line":41,"column":null}},{"start":{},"end":{}}],"line":41},"9":{"loc":{"start":{"line":45,"column":8},"end":{"line":45,"column":null}},"type":"if","locations":[{"start":{"line":45,"column":8},"end":{"line":45,"column":null}},{"start":{},"end":{}}],"line":45},"10":{"loc":{"start":{"line":48,"column":8},"end":{"line":48,"column":null}},"type":"if","locations":[{"start":{"line":48,"column":8},"end":{"line":48,"column":null}},{"start":{},"end":{}}],"line":48},"11":{"loc":{"start":{"line":56,"column":4},"end":{"line":59,"column":null}},"type":"if","locations":[{"start":{"line":56,"column":4},"end":{"line":59,"column":null}},{"start":{},"end":{}}],"line":56},"12":{"loc":{"start":{"line":56,"column":8},"end":{"line":56,"column":30}},"type":"binary-expr","locations":[{"start":{"line":56,"column":8},"end":{"line":56,"column":17}},{"start":{"line":56,"column":17},"end":{"line":56,"column":30}}],"line":56},"13":{"loc":{"start":{"line":63,"column":8},"end":{"line":63,"column":null}},"type":"if","locations":[{"start":{"line":63,"column":8},"end":{"line":63,"column":null}},{"start":{},"end":{}}],"line":63},"14":{"loc":{"start":{"line":66,"column":8},"end":{"line":66,"column":null}},"type":"if","locations":[{"start":{"line":66,"column":8},"end":{"line":66,"column":null}},{"start":{},"end":{}}],"line":66},"15":{"loc":{"start":{"line":74,"column":4},"end":{"line":74,"column":null}},"type":"if","locations":[{"start":{"line":74,"column":4},"end":{"line":74,"column":null}},{"start":{},"end":{}}],"line":74},"16":{"loc":{"start":{"line":77,"column":6},"end":{"line":79,"column":null}},"type":"if","locations":[{"start":{"line":77,"column":6},"end":{"line":79,"column":null}},{"start":{},"end":{}}],"line":77},"17":{"loc":{"start":{"line":92,"column":2},"end":{"line":92,"column":null}},"type":"if","locations":[{"start":{"line":92,"column":2},"end":{"line":92,"column":null}},{"start":{},"end":{}}],"line":92},"18":{"loc":{"start":{"line":95,"column":58},"end":{"line":95,"column":99}},"type":"cond-expr","locations":[{"start":{"line":95,"column":76},"end":{"line":95,"column":95}},{"start":{"line":95,"column":95},"end":{"line":95,"column":99}}],"line":95},"19":{"loc":{"start":{"line":100,"column":4},"end":{"line":102,"column":null}},"type":"if","locations":[{"start":{"line":100,"column":4},"end":{"line":102,"column":null}},{"start":{},"end":{}}],"line":100},"20":{"loc":{"start":{"line":100,"column":8},"end":{"line":100,"column":73}},"type":"binary-expr","locations":[{"start":{"line":100,"column":8},"end":{"line":100,"column":41}},{"start":{"line":100,"column":41},"end":{"line":100,"column":73}}],"line":100},"21":{"loc":{"start":{"line":106,"column":18},"end":{"line":106,"column":null}},"type":"cond-expr","locations":[{"start":{"line":106,"column":51},"end":{"line":106,"column":71}},{"start":{"line":106,"column":71},"end":{"line":106,"column":null}}],"line":106},"22":{"loc":{"start":{"line":107,"column":4},"end":{"line":107,"column":null}},"type":"if","locations":[{"start":{"line":107,"column":4},"end":{"line":107,"column":null}},{"start":{},"end":{}}],"line":107},"23":{"loc":{"start":{"line":110,"column":6},"end":{"line":110,"column":null}},"type":"binary-expr","locations":[{"start":{"line":110,"column":6},"end":{"line":110,"column":99}},{"start":{"line":110,"column":99},"end":{"line":110,"column":null}}],"line":110},"24":{"loc":{"start":{"line":115,"column":18},"end":{"line":115,"column":null}},"type":"binary-expr","locations":[{"start":{"line":115,"column":18},"end":{"line":115,"column":59}},{"start":{"line":115,"column":59},"end":{"line":115,"column":null}}],"line":115},"25":{"loc":{"start":{"line":118,"column":17},"end":{"line":118,"column":null}},"type":"binary-expr","locations":[{"start":{"line":118,"column":17},"end":{"line":118,"column":38}},{"start":{"line":118,"column":38},"end":{"line":118,"column":null}}],"line":118},"26":{"loc":{"start":{"line":128,"column":19},"end":{"line":128,"column":null}},"type":"binary-expr","locations":[{"start":{"line":128,"column":19},"end":{"line":128,"column":53}},{"start":{"line":128,"column":53},"end":{"line":128,"column":null}}],"line":128},"27":{"loc":{"start":{"line":129,"column":16},"end":{"line":129,"column":null}},"type":"binary-expr","locations":[{"start":{"line":129,"column":16},"end":{"line":129,"column":47}},{"start":{"line":129,"column":47},"end":{"line":129,"column":74}},{"start":{"line":129,"column":74},"end":{"line":129,"column":null}}],"line":129},"28":{"loc":{"start":{"line":130,"column":13},"end":{"line":130,"column":null}},"type":"binary-expr","locations":[{"start":{"line":130,"column":13},"end":{"line":130,"column":41}},{"start":{"line":130,"column":41},"end":{"line":130,"column":null}}],"line":130},"29":{"loc":{"start":{"line":131,"column":15},"end":{"line":131,"column":null}},"type":"binary-expr","locations":[{"start":{"line":131,"column":15},"end":{"line":131,"column":45}},{"start":{"line":131,"column":45},"end":{"line":131,"column":null}}],"line":131},"30":{"loc":{"start":{"line":132,"column":15},"end":{"line":132,"column":null}},"type":"binary-expr","locations":[{"start":{"line":132,"column":15},"end":{"line":132,"column":45}},{"start":{"line":132,"column":45},"end":{"line":132,"column":64}},{"start":{"line":132,"column":64},"end":{"line":132,"column":null}}],"line":132},"31":{"loc":{"start":{"line":146,"column":12},"end":{"line":148,"column":null}},"type":"binary-expr","locations":[{"start":{"line":147,"column":9},"end":{"line":147,"column":null}},{"start":{"line":148,"column":9},"end":{"line":148,"column":null}}],"line":146},"32":{"loc":{"start":{"line":147,"column":9},"end":{"line":147,"column":null}},"type":"cond-expr","locations":[{"start":{"line":147,"column":19},"end":{"line":147,"column":66}},{"start":{"line":147,"column":66},"end":{"line":147,"column":null}}],"line":147},"33":{"loc":{"start":{"line":169,"column":4},"end":{"line":169,"column":null}},"type":"if","locations":[{"start":{"line":169,"column":4},"end":{"line":169,"column":null}},{"start":{},"end":{}}],"line":169},"34":{"loc":{"start":{"line":174,"column":4},"end":{"line":195,"column":null}},"type":"if","locations":[{"start":{"line":174,"column":4},"end":{"line":195,"column":null}},{"start":{},"end":{}}],"line":174},"35":{"loc":{"start":{"line":179,"column":19},"end":{"line":179,"column":null}},"type":"binary-expr","locations":[{"start":{"line":179,"column":19},"end":{"line":179,"column":33}},{"start":{"line":179,"column":33},"end":{"line":179,"column":null}}],"line":179},"36":{"loc":{"start":{"line":182,"column":14},"end":{"line":182,"column":null}},"type":"cond-expr","locations":[{"start":{"line":182,"column":29},"end":{"line":182,"column":49}},{"start":{"line":182,"column":49},"end":{"line":182,"column":null}}],"line":182},"37":{"loc":{"start":{"line":186,"column":14},"end":{"line":186,"column":79}},"type":"cond-expr","locations":[{"start":{"line":186,"column":36},"end":{"line":186,"column":51}},{"start":{"line":186,"column":51},"end":{"line":186,"column":79}}],"line":186},"38":{"loc":{"start":{"line":192,"column":11},"end":{"line":192,"column":null}},"type":"cond-expr","locations":[{"start":{"line":192,"column":26},"end":{"line":192,"column":null}},{"start":{"line":192,"column":93},"end":{"line":192,"column":null}}],"line":192},"39":{"loc":{"start":{"line":197,"column":4},"end":{"line":219,"column":null}},"type":"if","locations":[{"start":{"line":197,"column":4},"end":{"line":219,"column":null}},{"start":{},"end":{}}],"line":197},"40":{"loc":{"start":{"line":202,"column":19},"end":{"line":202,"column":null}},"type":"binary-expr","locations":[{"start":{"line":202,"column":19},"end":{"line":202,"column":36}},{"start":{"line":202,"column":36},"end":{"line":202,"column":null}}],"line":202},"41":{"loc":{"start":{"line":206,"column":14},"end":{"line":206,"column":null}},"type":"cond-expr","locations":[{"start":{"line":206,"column":32},"end":{"line":206,"column":52}},{"start":{"line":206,"column":52},"end":{"line":206,"column":null}}],"line":206},"42":{"loc":{"start":{"line":209,"column":30},"end":{"line":209,"column":92}},"type":"cond-expr","locations":[{"start":{"line":209,"column":43},"end":{"line":209,"column":63}},{"start":{"line":209,"column":63},"end":{"line":209,"column":92}}],"line":209},"43":{"loc":{"start":{"line":210,"column":14},"end":{"line":210,"column":88}},"type":"cond-expr","locations":[{"start":{"line":210,"column":39},"end":{"line":210,"column":57}},{"start":{"line":210,"column":57},"end":{"line":210,"column":88}}],"line":210},"44":{"loc":{"start":{"line":216,"column":11},"end":{"line":216,"column":null}},"type":"cond-expr","locations":[{"start":{"line":216,"column":29},"end":{"line":216,"column":null}},{"start":{"line":216,"column":99},"end":{"line":216,"column":null}}],"line":216},"45":{"loc":{"start":{"line":222,"column":34},"end":{"line":222,"column":null}},"type":"cond-expr","locations":[{"start":{"line":222,"column":58},"end":{"line":222,"column":76}},{"start":{"line":222,"column":76},"end":{"line":222,"column":null}}],"line":222},"46":{"loc":{"start":{"line":225,"column":17},"end":{"line":225,"column":null}},"type":"binary-expr","locations":[{"start":{"line":225,"column":17},"end":{"line":225,"column":30}},{"start":{"line":225,"column":30},"end":{"line":225,"column":null}}],"line":225},"47":{"loc":{"start":{"line":228,"column":12},"end":{"line":228,"column":null}},"type":"cond-expr","locations":[{"start":{"line":228,"column":26},"end":{"line":228,"column":46}},{"start":{"line":228,"column":46},"end":{"line":228,"column":null}}],"line":228},"48":{"loc":{"start":{"line":231,"column":9},"end":{"line":231,"column":null}},"type":"cond-expr","locations":[{"start":{"line":231,"column":23},"end":{"line":231,"column":null}},{"start":{"line":231,"column":89},"end":{"line":231,"column":null}}],"line":231},"49":{"loc":{"start":{"line":272,"column":15},"end":{"line":272,"column":null}},"type":"cond-expr","locations":[{"start":{"line":272,"column":33},"end":{"line":272,"column":50}},{"start":{"line":272,"column":50},"end":{"line":272,"column":null}}],"line":272},"50":{"loc":{"start":{"line":274,"column":13},"end":{"line":278,"column":null}},"type":"cond-expr","locations":[{"start":{"line":275,"column":14},"end":{"line":278,"column":null}},{"start":{"line":278,"column":16},"end":{"line":278,"column":null}}],"line":274},"51":{"loc":{"start":{"line":299,"column":13},"end":{"line":311,"column":null}},"type":"cond-expr","locations":[{"start":{"line":300,"column":14},"end":{"line":309,"column":15}},{"start":{"line":309,"column":14},"end":{"line":311,"column":null}}],"line":299},"52":{"loc":{"start":{"line":331,"column":15},"end":{"line":331,"column":null}},"type":"cond-expr","locations":[{"start":{"line":331,"column":24},"end":{"line":331,"column":38}},{"start":{"line":331,"column":38},"end":{"line":331,"column":null}}],"line":331}},"s":{"0":6,"1":6,"2":6,"3":6,"4":6,"5":6,"6":6,"7":6,"8":6,"9":4,"10":4,"11":0,"12":0,"13":0,"14":6,"15":2,"16":2,"17":0,"18":0,"19":0,"20":0,"21":0,"22":0,"23":0,"24":0,"25":6,"26":2,"27":2,"28":2,"29":0,"30":0,"31":0,"32":0,"33":0,"34":0,"35":0,"36":0,"37":6,"38":5,"39":5,"40":0,"41":0,"42":0,"43":0,"44":0,"45":0,"46":0,"47":0,"48":6,"49":6,"50":0,"51":0,"52":0,"53":0,"54":0,"55":0,"56":0,"57":0,"58":0,"59":0,"60":0,"61":0,"62":0,"63":0,"64":0,"65":0,"66":0,"67":0,"68":0,"69":0,"70":0,"71":0,"72":0,"73":0,"74":0,"75":0,"76":0,"77":0,"78":0,"79":0,"80":0,"81":0,"82":0,"83":0,"84":0,"85":0,"86":0,"87":0,"88":0,"89":0,"90":0,"91":0,"92":0,"93":0,"94":0,"95":0,"96":0,"97":0,"98":0},"f":{"0":6,"1":6,"2":4,"3":2,"4":0,"5":0,"6":0,"7":2,"8":0,"9":0,"10":0,"11":5,"12":0,"13":0,"14":0,"15":0,"16":0,"17":0,"18":0,"19":0,"20":0,"21":0,"22":0,"23":0,"24":0,"25":0,"26":0,"27":0,"28":0,"29":0,"30":0,"31":0,"32":0,"33":0},"b":{"0":[6,0],"1":[6,0],"2":[6],"3":[6],"4":[6],"5":[6],"6":[6],"7":[4,0],"8":[2,0],"9":[0,0],"10":[0,0],"11":[2,0],"12":[2,0],"13":[0,0],"14":[0,0],"15":[5,0],"16":[0,0],"17":[6,0],"18":[0,0],"19":[0,0],"20":[0,0],"21":[0,0],"22":[0,0],"23":[0,0],"24":[0,0],"25":[0,0],"26":[0,0],"27":[0,0,0],"28":[0,0],"29":[0,0],"30":[0,0,0],"31":[0,0],"32":[0,0],"33":[0,0],"34":[0,0],"35":[0,0],"36":[0,0],"37":[0,0],"38":[0,0],"39":[0,0],"40":[0,0],"41":[0,0],"42":[0,0],"43":[0,0],"44":[0,0],"45":[0,0],"46":[0,0],"47":[0,0],"48":[0,0],"49":[0,0],"50":[0,0],"51":[0,0],"52":[0,0]},"meta":{"lastBranch":53,"lastFunction":34,"lastStatement":99,"seen":{"f:7:9:7:29":0,"s:8:2:11:Infinity":0,"b:9:16:9:41:9:41:9:51":0,"b:10:16:10:42:10:42:10:52":1,"f:14:16:14:29":1,"b:16:18:16:Infinity":2,"b:17:11:17:Infinity":3,"b:19:10:19:Infinity":4,"b:20:16:20:Infinity":5,"b:21:16:21:Infinity":6,"s:25:26:25:Infinity":1,"s:26:30:26:Infinity":2,"s:27:48:27:Infinity":3,"s:28:38:28:Infinity":4,"s:29:36:29:Infinity":5,"s:30:42:30:Infinity":6,"s:31:48:31:Infinity":7,"s:33:2:38:Infinity":8,"f:33:2:33:18":2,"b:34:4:34:Infinity:undefined:undefined:undefined:undefined":7,"s:34:4:34:Infinity":9,"s:34:15:34:Infinity":10,"s:35:4:35:Infinity":11,"s:36:4:36:Infinity":12,"s:37:4:37:Infinity":13,"s:40:2:53:Infinity":14,"f:40:2:40:18":3,"b:41:4:41:Infinity:undefined:undefined:undefined:undefined":8,"s:41:4:41:Infinity":15,"s:41:15:41:Infinity":16,"s:42:20:42:Infinity":17,"s:43:4:49:Infinity":18,"f:44:7:44:13":4,"b:45:8:45:Infinity:undefined:undefined:undefined:undefined":9,"s:45:8:45:Infinity":19,"s:45:24:45:Infinity":20,"f:47:7:47:19":5,"b:48:8:48:Infinity:undefined:undefined:undefined:undefined":10,"s:48:8:48:Infinity":21,"s:48:24:48:Infinity":22,"s:50:4:52:Infinity":23,"f:50:4:50:17":6,"s:51:6:51:Infinity":24,"s:55:2:71:Infinity":25,"f:55:2:55:18":7,"b:56:4:59:Infinity:undefined:undefined:undefined:undefined":11,"s:56:4:59:Infinity":26,"b:56:8:56:17:56:17:56:30":12,"s:57:6:57:Infinity":27,"s:58:6:58:Infinity":28,"s:60:20:60:Infinity":29,"s:61:4:67:Infinity":30,"f:62:7:62:13":8,"b:63:8:63:Infinity:undefined:undefined:undefined:undefined":13,"s:63:8:63:Infinity":31,"s:63:24:63:Infinity":32,"f:65:7:65:19":9,"b:66:8:66:Infinity:undefined:undefined:undefined:undefined":14,"s:66:8:66:Infinity":33,"s:66:24:66:Infinity":34,"s:68:4:70:Infinity":35,"f:68:4:68:17":10,"s:69:6:69:Infinity":36,"s:73:2:90:Infinity":37,"f:73:2:73:18":11,"b:74:4:74:Infinity:undefined:undefined:undefined:undefined":15,"s:74:4:74:Infinity":38,"s:74:15:74:Infinity":39,"f:76:13:76:27":12,"b:77:6:79:Infinity:undefined:undefined:undefined:undefined":16,"s:77:6:79:Infinity":40,"s:78:8:78:Infinity":41,"s:82:29:82:Infinity":42,"s:83:4:83:Infinity":43,"s:84:4:84:Infinity":44,"s:86:4:89:Infinity":45,"f:86:4:86:17":13,"s:87:6:87:Infinity":46,"s:88:6:88:Infinity":47,"b:92:2:92:Infinity:undefined:undefined:undefined:undefined":17,"s:92:2:92:Infinity":48,"s:92:13:92:Infinity":49,"f:94:11:94:29":14,"s:95:4:95:Infinity":50,"f:95:4:95:13":15,"s:95:26:95:101":51,"b:95:76:95:95:95:95:95:99":18,"s:96:4:96:Infinity":52,"f:96:4:96:15":16,"s:96:28:96:54":53,"f:99:17:99:42":17,"b:100:4:102:Infinity:undefined:undefined:undefined:undefined":19,"s:100:4:102:Infinity":54,"b:100:8:100:41:100:41:100:73":20,"s:101:6:101:Infinity":55,"s:104:21:104:Infinity":56,"s:105:19:105:Infinity":57,"s:106:18:106:Infinity":58,"b:106:51:106:71:106:71:106:Infinity":21,"b:107:4:107:Infinity:undefined:undefined:undefined:undefined":22,"s:107:4:107:Infinity":59,"s:107:16:107:Infinity":60,"s:109:10:110:Infinity":61,"f:109:10:109:20":18,"s:110:6:110:Infinity":62,"b:110:6:110:99:110:99:110:Infinity":23,"f:110:32:110:38":19,"s:110:52:110:83":63,"s:112:4:122:Infinity":64,"b:115:18:115:59:115:59:115:Infinity":24,"b:118:17:118:38:118:38:118:Infinity":25,"f:125:17:125:39":20,"s:126:4:135:Infinity":65,"f:126:4:126:13":21,"s:126:26:135:6":66,"b:128:19:128:53:128:53:128:Infinity":26,"b:129:16:129:47:129:47:129:74:129:74:129:Infinity":27,"b:130:13:130:41:130:41:130:Infinity":28,"b:131:15:131:45:131:45:131:Infinity":29,"b:132:15:132:45:132:45:132:64:132:64:132:Infinity":30,"s:136:4:139:Infinity":67,"f:142:17:142:41":22,"s:143:4:143:Infinity":68,"s:144:4:144:Infinity":69,"s:145:4:152:Infinity":70,"s:146:12:148:Infinity":71,"b:147:9:147:Infinity:148:9:148:Infinity":31,"b:147:19:147:66:147:66:147:Infinity":32,"s:149:6:149:Infinity":72,"s:151:6:151:Infinity":73,"f:155:17:155:44":23,"s:156:4:156:Infinity":74,"s:157:4:162:Infinity":75,"s:158:23:158:55":76,"s:159:6:159:Infinity":77,"s:161:6:161:Infinity":78,"f:165:17:165:30":24,"s:166:4:166:Infinity":79,"s:167:23:167:Infinity":80,"s:168:4:168:Infinity":81,"b:169:4:169:Infinity:undefined:undefined:undefined:undefined":33,"s:169:4:169:Infinity":82,"s:169:44:169:Infinity":83,"s:170:4:170:Infinity":84,"f:173:11:173:23":25,"b:174:4:195:Infinity:undefined:undefined:undefined:undefined":34,"s:174:4:195:Infinity":85,"s:175:6:193:Infinity":86,"b:179:19:179:33:179:33:179:Infinity":35,"f:180:12:180:23":26,"s:180:33:180:Infinity":87,"b:182:29:182:49:182:49:182:Infinity":36,"b:186:36:186:51:186:51:186:79":37,"f:186:81:186:86":27,"s:187:14:189:Infinity":88,"b:192:26:192:Infinity:192:93:192:Infinity":38,"b:197:4:219:Infinity:undefined:undefined:undefined:undefined":39,"s:197:4:219:Infinity":89,"s:198:6:217:Infinity":90,"b:202:19:202:36:202:36:202:Infinity":40,"f:203:12:203:23":28,"s:203:33:203:Infinity":91,"b:206:32:206:52:206:52:206:Infinity":41,"b:209:43:209:63:209:63:209:92":42,"b:210:39:210:57:210:57:210:88":43,"f:210:90:210:95":29,"s:211:14:213:Infinity":92,"b:216:29:216:Infinity:216:99:216:Infinity":44,"s:221:4:232:Infinity":93,"b:222:58:222:76:222:76:222:Infinity":45,"b:225:17:225:30:225:30:225:Infinity":46,"f:226:10:226:21":30,"s:226:31:226:Infinity":94,"b:228:26:228:46:228:46:228:Infinity":47,"b:231:23:231:Infinity:231:89:231:Infinity":48,"s:236:2:343:Infinity":95,"f:240:8:240:18":31,"s:240:28:240:Infinity":96,"b:272:33:272:50:272:50:272:Infinity":49,"b:275:14:278:Infinity:278:16:278:Infinity":50,"f:290:14:290:19":32,"s:290:36:290:59":97,"b:300:14:309:15:309:14:311:Infinity":51,"f:319:14:319:25":33,"s:319:35:319:Infinity":98,"b:331:24:331:38:331:38:331:Infinity":52},"fnNames":{}}}
,"E:\\GRM\\PROJ\\frontend\\src\\components\\BackButton.jsx": {"path":"E:\\GRM\\PROJ\\frontend\\src\\components\\BackButton.jsx","statementMap":{"0":{"start":{"line":10,"column":19},"end":{"line":10,"column":31}},"1":{"start":{"line":12,"column":8},"end":{"line":18,"column":null}},"2":{"start":{"line":13,"column":4},"end":{"line":17,"column":null}},"3":{"start":{"line":14,"column":6},"end":{"line":14,"column":null}},"4":{"start":{"line":16,"column":6},"end":{"line":16,"column":null}},"5":{"start":{"line":20,"column":2},"end":{"line":40,"column":null}}},"fnMap":{"0":{"name":"BackButton","decl":{"start":{"line":9,"column":16},"end":{"line":9,"column":27}},"loc":{"start":{"line":9,"column":50},"end":{"line":42,"column":null}},"line":9},"1":{"name":"(anonymous_1)","decl":{"start":{"line":12,"column":8},"end":{"line":12,"column":27}},"loc":{"start":{"line":12,"column":27},"end":{"line":18,"column":null}},"line":12}},"branchMap":{"0":{"loc":{"start":{"line":9,"column":29},"end":{"line":9,"column":50}},"type":"default-arg","locations":[{"start":{"line":9,"column":42},"end":{"line":9,"column":50}}],"line":9},"1":{"loc":{"start":{"line":13,"column":4},"end":{"line":17,"column":null}},"type":"if","locations":[{"start":{"line":13,"column":4},"end":{"line":17,"column":null}},{"start":{"line":15,"column":11},"end":{"line":17,"column":null}}],"line":13}},"s":{"0":5,"1":5,"2":0,"3":0,"4":0,"5":5},"f":{"0":5,"1":0},"b":{"0":[5],"1":[0,0]},"meta":{"lastBranch":2,"lastFunction":2,"lastStatement":6,"seen":{"f:9:16:9:27":0,"b:9:42:9:50":0,"s:10:19:10:31":0,"s:12:8:18:Infinity":1,"f:12:8:12:27":1,"b:13:4:17:Infinity:15:11:17:Infinity":1,"s:13:4:17:Infinity":2,"s:14:6:14:Infinity":3,"s:16:6:16:Infinity":4,"s:20:2:40:Infinity":5},"fnNames":{}}}
,"E:\\GRM\\PROJ\\frontend\\src\\components\\CartDrawer.jsx": {"path":"E:\\GRM\\PROJ\\frontend\\src\\components\\CartDrawer.jsx","statementMap":{"0":{"start":{"line":19,"column":19},"end":{"line":19,"column":31}},"1":{"start":{"line":20,"column":20},"end":{"line":20,"column":null}},"2":{"start":{"line":21,"column":25},"end":{"line":21,"column":null}},"3":{"start":{"line":34,"column":6},"end":{"line":34,"column":20}},"4":{"start":{"line":35,"column":43},"end":{"line":35,"column":51}},"5":{"start":{"line":36,"column":48},"end":{"line":36,"column":null}},"6":{"start":{"line":37,"column":40},"end":{"line":37,"column":null}},"7":{"start":{"line":38,"column":40},"end":{"line":38,"column":null}},"8":{"start":{"line":39,"column":44},"end":{"line":39,"column":null}},"9":{"start":{"line":40,"column":44},"end":{"line":40,"column":null}},"10":{"start":{"line":42,"column":2},"end":{"line":67,"column":null}},"11":{"start":{"line":43,"column":4},"end":{"line":43,"column":null}},"12":{"start":{"line":43,"column":47},"end":{"line":43,"column":null}},"13":{"start":{"line":45,"column":4},"end":{"line":45,"column":null}},"14":{"start":{"line":46,"column":25},"end":{"line":46,"column":null}},"15":{"start":{"line":46,"column":49},"end":{"line":46,"column":72}},"16":{"start":{"line":48,"column":16},"end":{"line":48,"column":null}},"17":{"start":{"line":49,"column":4},"end":{"line":61,"column":null}},"18":{"start":{"line":50,"column":6},"end":{"line":60,"column":null}},"19":{"start":{"line":51,"column":8},"end":{"line":51,"column":null}},"20":{"start":{"line":52,"column":25},"end":{"line":52,"column":null}},"21":{"start":{"line":53,"column":8},"end":{"line":55,"column":null}},"22":{"start":{"line":54,"column":10},"end":{"line":54,"column":null}},"23":{"start":{"line":57,"column":8},"end":{"line":57,"column":null}},"24":{"start":{"line":57,"column":19},"end":{"line":57,"column":null}},"25":{"start":{"line":59,"column":8},"end":{"line":59,"column":null}},"26":{"start":{"line":59,"column":19},"end":{"line":59,"column":null}},"27":{"start":{"line":63,"column":4},"end":{"line":66,"column":null}},"28":{"start":{"line":64,"column":6},"end":{"line":64,"column":null}},"29":{"start":{"line":65,"column":6},"end":{"line":65,"column":null}},"30":{"start":{"line":69,"column":2},"end":{"line":73,"column":null}},"31":{"start":{"line":70,"column":4},"end":{"line":70,"column":null}},"32":{"start":{"line":70,"column":21},"end":{"line":70,"column":null}},"33":{"start":{"line":71,"column":4},"end":{"line":71,"column":null}},"34":{"start":{"line":72,"column":4},"end":{"line":72,"column":null}},"35":{"start":{"line":75,"column":2},"end":{"line":102,"column":null}},"36":{"start":{"line":76,"column":4},"end":{"line":76,"column":null}},"37":{"start":{"line":76,"column":43},"end":{"line":76,"column":null}},"38":{"start":{"line":78,"column":17},"end":{"line":78,"column":null}},"39":{"start":{"line":79,"column":10},"end":{"line":98,"column":null}},"40":{"start":{"line":80,"column":6},"end":{"line":80,"column":null}},"41":{"start":{"line":80,"column":31},"end":{"line":80,"column":null}},"42":{"start":{"line":82,"column":32},"end":{"line":84,"column":null}},"43":{"start":{"line":86,"column":6},"end":{"line":86,"column":null}},"44":{"start":{"line":86,"column":37},"end":{"line":86,"column":null}},"45":{"start":{"line":88,"column":27},"end":{"line":88,"column":null}},"46":{"start":{"line":89,"column":26},"end":{"line":89,"column":null}},"47":{"start":{"line":91,"column":6},"end":{"line":97,"column":null}},"48":{"start":{"line":92,"column":8},"end":{"line":92,"column":null}},"49":{"start":{"line":93,"column":8},"end":{"line":93,"column":null}},"50":{"start":{"line":94,"column":13},"end":{"line":97,"column":null}},"51":{"start":{"line":95,"column":8},"end":{"line":95,"column":null}},"52":{"start":{"line":96,"column":8},"end":{"line":96,"column":null}},"53":{"start":{"line":100,"column":4},"end":{"line":100,"column":null}},"54":{"start":{"line":101,"column":4},"end":{"line":101,"column":null}},"55":{"start":{"line":101,"column":17},"end":{"line":101,"column":null}},"56":{"start":{"line":104,"column":25},"end":{"line":104,"column":null}},"57":{"start":{"line":104,"column":39},"end":{"line":104,"column":67}},"58":{"start":{"line":105,"column":20},"end":{"line":105,"column":null}},"59":{"start":{"line":107,"column":27},"end":{"line":131,"column":null}},"60":{"start":{"line":108,"column":4},"end":{"line":108,"column":null}},"61":{"start":{"line":108,"column":51},"end":{"line":108,"column":null}},"62":{"start":{"line":111,"column":6},"end":{"line":115,"column":null}},"63":{"start":{"line":117,"column":22},"end":{"line":119,"column":null}},"64":{"start":{"line":121,"column":4},"end":{"line":130,"column":null}},"65":{"start":{"line":133,"column":23},"end":{"line":133,"column":null}},"66":{"start":{"line":134,"column":21},"end":{"line":148,"column":null}},"67":{"start":{"line":136,"column":6},"end":{"line":141,"column":null}},"68":{"start":{"line":137,"column":8},"end":{"line":140,"column":null}},"69":{"start":{"line":142,"column":6},"end":{"line":145,"column":null}},"70":{"start":{"line":150,"column":27},"end":{"line":174,"column":null}},"71":{"start":{"line":151,"column":4},"end":{"line":154,"column":null}},"72":{"start":{"line":152,"column":6},"end":{"line":152,"column":null}},"73":{"start":{"line":153,"column":6},"end":{"line":153,"column":null}},"74":{"start":{"line":156,"column":20},"end":{"line":156,"column":null}},"75":{"start":{"line":157,"column":4},"end":{"line":157,"column":null}},"76":{"start":{"line":157,"column":36},"end":{"line":157,"column":null}},"77":{"start":{"line":159,"column":4},"end":{"line":159,"column":null}},"78":{"start":{"line":159,"column":31},"end":{"line":159,"column":57}},"79":{"start":{"line":160,"column":4},"end":{"line":173,"column":null}},"80":{"start":{"line":161,"column":6},"end":{"line":161,"column":null}},"81":{"start":{"line":162,"column":6},"end":{"line":164,"column":null}},"82":{"start":{"line":163,"column":8},"end":{"line":163,"column":null}},"83":{"start":{"line":166,"column":6},"end":{"line":166,"column":null}},"84":{"start":{"line":168,"column":6},"end":{"line":172,"column":null}},"85":{"start":{"line":169,"column":21},"end":{"line":169,"column":null}},"86":{"start":{"line":170,"column":8},"end":{"line":170,"column":null}},"87":{"start":{"line":171,"column":8},"end":{"line":171,"column":null}},"88":{"start":{"line":176,"column":31},"end":{"line":194,"column":null}},"89":{"start":{"line":177,"column":4},"end":{"line":177,"column":null}},"90":{"start":{"line":177,"column":39},"end":{"line":177,"column":null}},"91":{"start":{"line":179,"column":20},"end":{"line":179,"column":null}},"92":{"start":{"line":180,"column":4},"end":{"line":180,"column":null}},"93":{"start":{"line":180,"column":66},"end":{"line":180,"column":null}},"94":{"start":{"line":182,"column":4},"end":{"line":182,"column":null}},"95":{"start":{"line":182,"column":31},"end":{"line":182,"column":57}},"96":{"start":{"line":183,"column":4},"end":{"line":193,"column":null}},"97":{"start":{"line":184,"column":6},"end":{"line":184,"column":null}},"98":{"start":{"line":186,"column":6},"end":{"line":186,"column":null}},"99":{"start":{"line":188,"column":6},"end":{"line":192,"column":null}},"100":{"start":{"line":189,"column":21},"end":{"line":189,"column":null}},"101":{"start":{"line":190,"column":8},"end":{"line":190,"column":null}},"102":{"start":{"line":191,"column":8},"end":{"line":191,"column":null}},"103":{"start":{"line":196,"column":2},"end":{"line":196,"column":null}},"104":{"start":{"line":196,"column":19},"end":{"line":196,"column":null}},"105":{"start":{"line":198,"column":2},"end":{"line":444,"column":null}},"106":{"start":{"line":221,"column":47},"end":{"line":221,"column":65}},"107":{"start":{"line":255,"column":36},"end":{"line":255,"column":null}},"108":{"start":{"line":256,"column":38},"end":{"line":256,"column":null}},"109":{"start":{"line":257,"column":38},"end":{"line":257,"column":null}},"110":{"start":{"line":258,"column":36},"end":{"line":258,"column":null}},"111":{"start":{"line":259,"column":39},"end":{"line":259,"column":null}},"112":{"start":{"line":260,"column":39},"end":{"line":260,"column":null}},"113":{"start":{"line":261,"column":37},"end":{"line":261,"column":null}},"114":{"start":{"line":262,"column":26},"end":{"line":273,"column":null}},"115":{"start":{"line":274,"column":38},"end":{"line":274,"column":null}},"116":{"start":{"line":275,"column":38},"end":{"line":275,"column":null}},"117":{"start":{"line":277,"column":20},"end":{"line":342,"column":null}},"118":{"start":{"line":309,"column":51},"end":{"line":309,"column":null}},"119":{"start":{"line":320,"column":51},"end":{"line":320,"column":null}},"120":{"start":{"line":333,"column":45},"end":{"line":333,"column":null}},"121":{"start":{"line":372,"column":39},"end":{"line":376,"column":null}},"122":{"start":{"line":377,"column":37},"end":{"line":377,"column":null}},"123":{"start":{"line":378,"column":37},"end":{"line":378,"column":null}},"124":{"start":{"line":380,"column":20},"end":{"line":406,"column":null}},"125":{"start":{"line":384,"column":26},"end":{"line":384,"column":null}},"126":{"start":{"line":385,"column":26},"end":{"line":385,"column":null}}},"fnMap":{"0":{"name":"CartDrawer","decl":{"start":{"line":18,"column":16},"end":{"line":18,"column":29}},"loc":{"start":{"line":18,"column":29},"end":{"line":446,"column":null}},"line":18},"1":{"name":"(anonymous_1)","decl":{"start":{"line":42,"column":2},"end":{"line":42,"column":18}},"loc":{"start":{"line":42,"column":18},"end":{"line":67,"column":5}},"line":42},"2":{"name":"(anonymous_2)","decl":{"start":{"line":46,"column":32},"end":{"line":46,"column":49}},"loc":{"start":{"line":46,"column":49},"end":{"line":46,"column":72}},"line":46},"3":{"name":"(anonymous_3)","decl":{"start":{"line":49,"column":5},"end":{"line":49,"column":17}},"loc":{"start":{"line":49,"column":17},"end":{"line":61,"column":5}},"line":49},"4":{"name":"(anonymous_4)","decl":{"start":{"line":63,"column":4},"end":{"line":63,"column":17}},"loc":{"start":{"line":63,"column":17},"end":{"line":66,"column":null}},"line":63},"5":{"name":"(anonymous_5)","decl":{"start":{"line":69,"column":2},"end":{"line":69,"column":18}},"loc":{"start":{"line":69,"column":18},"end":{"line":73,"column":5}},"line":69},"6":{"name":"(anonymous_6)","decl":{"start":{"line":75,"column":2},"end":{"line":75,"column":18}},"loc":{"start":{"line":75,"column":18},"end":{"line":102,"column":5}},"line":75},"7":{"name":"(anonymous_7)","decl":{"start":{"line":79,"column":10},"end":{"line":79,"column":27}},"loc":{"start":{"line":79,"column":37},"end":{"line":98,"column":null}},"line":79},"8":{"name":"(anonymous_8)","decl":{"start":{"line":101,"column":4},"end":{"line":101,"column":17}},"loc":{"start":{"line":101,"column":17},"end":{"line":101,"column":null}},"line":101},"9":{"name":"(anonymous_9)","decl":{"start":{"line":104,"column":25},"end":{"line":104,"column":39}},"loc":{"start":{"line":104,"column":39},"end":{"line":104,"column":67}},"line":104},"10":{"name":"(anonymous_10)","decl":{"start":{"line":107,"column":27},"end":{"line":107,"column":41}},"loc":{"start":{"line":107,"column":41},"end":{"line":131,"column":5}},"line":107},"11":{"name":"(anonymous_11)","decl":{"start":{"line":134,"column":21},"end":{"line":134,"column":null}},"loc":{"start":{"line":135,"column":10},"end":{"line":146,"column":null}},"line":135},"12":{"name":"(anonymous_12)","decl":{"start":{"line":150,"column":27},"end":{"line":150,"column":34}},"loc":{"start":{"line":150,"column":59},"end":{"line":174,"column":null}},"line":150},"13":{"name":"(anonymous_13)","decl":{"start":{"line":159,"column":4},"end":{"line":159,"column":22}},"loc":{"start":{"line":159,"column":31},"end":{"line":159,"column":57}},"line":159},"14":{"name":"(anonymous_14)","decl":{"start":{"line":168,"column":6},"end":{"line":168,"column":24}},"loc":{"start":{"line":168,"column":33},"end":{"line":172,"column":7}},"line":168},"15":{"name":"(anonymous_15)","decl":{"start":{"line":176,"column":31},"end":{"line":176,"column":38}},"loc":{"start":{"line":176,"column":76},"end":{"line":194,"column":null}},"line":176},"16":{"name":"(anonymous_16)","decl":{"start":{"line":182,"column":4},"end":{"line":182,"column":22}},"loc":{"start":{"line":182,"column":31},"end":{"line":182,"column":57}},"line":182},"17":{"name":"(anonymous_17)","decl":{"start":{"line":188,"column":6},"end":{"line":188,"column":24}},"loc":{"start":{"line":188,"column":33},"end":{"line":192,"column":7}},"line":188},"18":{"name":"(anonymous_18)","decl":{"start":{"line":221,"column":25},"end":{"line":221,"column":30}},"loc":{"start":{"line":221,"column":47},"end":{"line":221,"column":65}},"line":221},"19":{"name":"(anonymous_19)","decl":{"start":{"line":254,"column":32},"end":{"line":254,"column":37}},"loc":{"start":{"line":254,"column":46},"end":{"line":344,"column":19}},"line":254},"20":{"name":"(anonymous_20)","decl":{"start":{"line":309,"column":36},"end":{"line":309,"column":51}},"loc":{"start":{"line":309,"column":51},"end":{"line":309,"column":null}},"line":309},"21":{"name":"(anonymous_21)","decl":{"start":{"line":320,"column":36},"end":{"line":320,"column":51}},"loc":{"start":{"line":320,"column":51},"end":{"line":320,"column":null}},"line":320},"22":{"name":"(anonymous_22)","decl":{"start":{"line":333,"column":30},"end":{"line":333,"column":45}},"loc":{"start":{"line":333,"column":45},"end":{"line":333,"column":null}},"line":333},"23":{"name":"(anonymous_23)","decl":{"start":{"line":371,"column":35},"end":{"line":371,"column":40}},"loc":{"start":{"line":371,"column":48},"end":{"line":408,"column":19}},"line":371},"24":{"name":"(anonymous_24)","decl":{"start":{"line":383,"column":24},"end":{"line":383,"column":39}},"loc":{"start":{"line":383,"column":39},"end":{"line":386,"column":null}},"line":383}},"branchMap":{"0":{"loc":{"start":{"line":43,"column":4},"end":{"line":43,"column":null}},"type":"if","locations":[{"start":{"line":43,"column":4},"end":{"line":43,"column":null}},{"start":{},"end":{}}],"line":43},"1":{"loc":{"start":{"line":43,"column":8},"end":{"line":43,"column":47}},"type":"binary-expr","locations":[{"start":{"line":43,"column":8},"end":{"line":43,"column":23}},{"start":{"line":43,"column":23},"end":{"line":43,"column":47}}],"line":43},"2":{"loc":{"start":{"line":53,"column":8},"end":{"line":55,"column":null}},"type":"if","locations":[{"start":{"line":53,"column":8},"end":{"line":55,"column":null}},{"start":{},"end":{}}],"line":53},"3":{"loc":{"start":{"line":54,"column":29},"end":{"line":54,"column":79}},"type":"cond-expr","locations":[{"start":{"line":54,"column":61},"end":{"line":54,"column":77}},{"start":{"line":54,"column":77},"end":{"line":54,"column":79}}],"line":54},"4":{"loc":{"start":{"line":57,"column":8},"end":{"line":57,"column":null}},"type":"if","locations":[{"start":{"line":57,"column":8},"end":{"line":57,"column":null}},{"start":{},"end":{}}],"line":57},"5":{"loc":{"start":{"line":59,"column":8},"end":{"line":59,"column":null}},"type":"if","locations":[{"start":{"line":59,"column":8},"end":{"line":59,"column":null}},{"start":{},"end":{}}],"line":59},"6":{"loc":{"start":{"line":70,"column":4},"end":{"line":70,"column":null}},"type":"if","locations":[{"start":{"line":70,"column":4},"end":{"line":70,"column":null}},{"start":{},"end":{}}],"line":70},"7":{"loc":{"start":{"line":76,"column":4},"end":{"line":76,"column":null}},"type":"if","locations":[{"start":{"line":76,"column":4},"end":{"line":76,"column":null}},{"start":{},"end":{}}],"line":76},"8":{"loc":{"start":{"line":76,"column":8},"end":{"line":76,"column":43}},"type":"binary-expr","locations":[{"start":{"line":76,"column":8},"end":{"line":76,"column":23}},{"start":{"line":76,"column":23},"end":{"line":76,"column":43}}],"line":76},"9":{"loc":{"start":{"line":80,"column":6},"end":{"line":80,"column":null}},"type":"if","locations":[{"start":{"line":80,"column":6},"end":{"line":80,"column":null}},{"start":{},"end":{}}],"line":80},"10":{"loc":{"start":{"line":86,"column":6},"end":{"line":86,"column":null}},"type":"if","locations":[{"start":{"line":86,"column":6},"end":{"line":86,"column":null}},{"start":{},"end":{}}],"line":86},"11":{"loc":{"start":{"line":91,"column":6},"end":{"line":97,"column":null}},"type":"if","locations":[{"start":{"line":91,"column":6},"end":{"line":97,"column":null}},{"start":{"line":94,"column":13},"end":{"line":97,"column":null}}],"line":91},"12":{"loc":{"start":{"line":91,"column":10},"end":{"line":91,"column":69}},"type":"binary-expr","locations":[{"start":{"line":91,"column":10},"end":{"line":91,"column":28}},{"start":{"line":91,"column":28},"end":{"line":91,"column":69}}],"line":91},"13":{"loc":{"start":{"line":94,"column":13},"end":{"line":97,"column":null}},"type":"if","locations":[{"start":{"line":94,"column":13},"end":{"line":97,"column":null}},{"start":{},"end":{}}],"line":94},"14":{"loc":{"start":{"line":94,"column":17},"end":{"line":94,"column":76}},"type":"binary-expr","locations":[{"start":{"line":94,"column":17},"end":{"line":94,"column":36}},{"start":{"line":94,"column":36},"end":{"line":94,"column":76}}],"line":94},"15":{"loc":{"start":{"line":108,"column":4},"end":{"line":108,"column":null}},"type":"if","locations":[{"start":{"line":108,"column":4},"end":{"line":108,"column":null}},{"start":{},"end":{}}],"line":108},"16":{"loc":{"start":{"line":108,"column":8},"end":{"line":108,"column":51}},"type":"binary-expr","locations":[{"start":{"line":108,"column":8},"end":{"line":108,"column":32}},{"start":{"line":108,"column":32},"end":{"line":108,"column":51}}],"line":108},"17":{"loc":{"start":{"line":111,"column":6},"end":{"line":115,"column":null}},"type":"cond-expr","locations":[{"start":{"line":112,"column":10},"end":{"line":114,"column":null}},{"start":{"line":115,"column":10},"end":{"line":115,"column":null}}],"line":111},"18":{"loc":{"start":{"line":111,"column":6},"end":{"line":111,"column":null}},"type":"binary-expr","locations":[{"start":{"line":111,"column":6},"end":{"line":111,"column":49}},{"start":{"line":111,"column":49},"end":{"line":111,"column":null}}],"line":111},"19":{"loc":{"start":{"line":112,"column":10},"end":{"line":114,"column":null}},"type":"cond-expr","locations":[{"start":{"line":113,"column":12},"end":{"line":113,"column":null}},{"start":{"line":114,"column":12},"end":{"line":114,"column":null}}],"line":112},"20":{"loc":{"start":{"line":118,"column":6},"end":{"line":118,"column":null}},"type":"binary-expr","locations":[{"start":{"line":118,"column":6},"end":{"line":118,"column":41}},{"start":{"line":118,"column":41},"end":{"line":118,"column":68}},{"start":{"line":118,"column":68},"end":{"line":118,"column":103}},{"start":{"line":118,"column":103},"end":{"line":118,"column":130}},{"start":{"line":118,"column":130},"end":{"line":118,"column":null}}],"line":118},"21":{"loc":{"start":{"line":123,"column":12},"end":{"line":123,"column":null}},"type":"binary-expr","locations":[{"start":{"line":123,"column":12},"end":{"line":123,"column":38}},{"start":{"line":123,"column":38},"end":{"line":123,"column":null}}],"line":123},"22":{"loc":{"start":{"line":125,"column":23},"end":{"line":125,"column":45}},"type":"binary-expr","locations":[{"start":{"line":125,"column":23},"end":{"line":125,"column":44}},{"start":{"line":125,"column":44},"end":{"line":125,"column":45}}],"line":125},"23":{"loc":{"start":{"line":127,"column":17},"end":{"line":127,"column":null}},"type":"binary-expr","locations":[{"start":{"line":127,"column":17},"end":{"line":127,"column":48}},{"start":{"line":127,"column":48},"end":{"line":127,"column":null}}],"line":127},"24":{"loc":{"start":{"line":128,"column":20},"end":{"line":128,"column":null}},"type":"binary-expr","locations":[{"start":{"line":128,"column":20},"end":{"line":128,"column":54}},{"start":{"line":128,"column":54},"end":{"line":128,"column":81}},{"start":{"line":128,"column":81},"end":{"line":128,"column":null}}],"line":128},"25":{"loc":{"start":{"line":129,"column":25},"end":{"line":129,"column":null}},"type":"binary-expr","locations":[{"start":{"line":129,"column":25},"end":{"line":129,"column":65}},{"start":{"line":129,"column":65},"end":{"line":129,"column":null}}],"line":129},"26":{"loc":{"start":{"line":133,"column":23},"end":{"line":133,"column":null}},"type":"cond-expr","locations":[{"start":{"line":133,"column":42},"end":{"line":133,"column":63}},{"start":{"line":133,"column":63},"end":{"line":133,"column":null}}],"line":133},"27":{"loc":{"start":{"line":136,"column":6},"end":{"line":141,"column":null}},"type":"if","locations":[{"start":{"line":136,"column":6},"end":{"line":141,"column":null}},{"start":{},"end":{}}],"line":136},"28":{"loc":{"start":{"line":138,"column":52},"end":{"line":138,"column":82}},"type":"binary-expr","locations":[{"start":{"line":138,"column":52},"end":{"line":138,"column":81}},{"start":{"line":138,"column":81},"end":{"line":138,"column":82}}],"line":138},"29":{"loc":{"start":{"line":139,"column":24},"end":{"line":139,"column":54}},"type":"binary-expr","locations":[{"start":{"line":139,"column":24},"end":{"line":139,"column":53}},{"start":{"line":139,"column":53},"end":{"line":139,"column":54}}],"line":139},"30":{"loc":{"start":{"line":151,"column":4},"end":{"line":154,"column":null}},"type":"if","locations":[{"start":{"line":151,"column":4},"end":{"line":154,"column":null}},{"start":{},"end":{}}],"line":151},"31":{"loc":{"start":{"line":157,"column":4},"end":{"line":157,"column":null}},"type":"if","locations":[{"start":{"line":157,"column":4},"end":{"line":157,"column":null}},{"start":{},"end":{}}],"line":157},"32":{"loc":{"start":{"line":162,"column":6},"end":{"line":164,"column":null}},"type":"if","locations":[{"start":{"line":162,"column":6},"end":{"line":164,"column":null}},{"start":{},"end":{}}],"line":162},"33":{"loc":{"start":{"line":166,"column":16},"end":{"line":166,"column":102}},"type":"binary-expr","locations":[{"start":{"line":166,"column":16},"end":{"line":166,"column":50}},{"start":{"line":166,"column":50},"end":{"line":166,"column":68}},{"start":{"line":166,"column":68},"end":{"line":166,"column":102}}],"line":166},"34":{"loc":{"start":{"line":177,"column":4},"end":{"line":177,"column":null}},"type":"if","locations":[{"start":{"line":177,"column":4},"end":{"line":177,"column":null}},{"start":{},"end":{}}],"line":177},"35":{"loc":{"start":{"line":177,"column":8},"end":{"line":177,"column":39}},"type":"binary-expr","locations":[{"start":{"line":177,"column":8},"end":{"line":177,"column":22}},{"start":{"line":177,"column":22},"end":{"line":177,"column":39}}],"line":177},"36":{"loc":{"start":{"line":180,"column":4},"end":{"line":180,"column":null}},"type":"if","locations":[{"start":{"line":180,"column":4},"end":{"line":180,"column":null}},{"start":{},"end":{}}],"line":180},"37":{"loc":{"start":{"line":180,"column":8},"end":{"line":180,"column":66}},"type":"binary-expr","locations":[{"start":{"line":180,"column":8},"end":{"line":180,"column":38}},{"start":{"line":180,"column":38},"end":{"line":180,"column":66}}],"line":180},"38":{"loc":{"start":{"line":186,"column":16},"end":{"line":186,"column":96}},"type":"binary-expr","locations":[{"start":{"line":186,"column":16},"end":{"line":186,"column":50}},{"start":{"line":186,"column":50},"end":{"line":186,"column":68}},{"start":{"line":186,"column":68},"end":{"line":186,"column":96}}],"line":186},"39":{"loc":{"start":{"line":196,"column":2},"end":{"line":196,"column":null}},"type":"if","locations":[{"start":{"line":196,"column":2},"end":{"line":196,"column":null}},{"start":{},"end":{}}],"line":196},"40":{"loc":{"start":{"line":207,"column":12},"end":{"line":207,"column":null}},"type":"cond-expr","locations":[{"start":{"line":207,"column":26},"end":{"line":207,"column":44}},{"start":{"line":207,"column":44},"end":{"line":207,"column":null}}],"line":207},"41":{"loc":{"start":{"line":215,"column":15},"end":{"line":225,"column":null}},"type":"cond-expr","locations":[{"start":{"line":216,"column":16},"end":{"line":225,"column":null}},{"start":{"line":225,"column":18},"end":{"line":225,"column":null}}],"line":215},"42":{"loc":{"start":{"line":217,"column":19},"end":{"line":223,"column":null}},"type":"cond-expr","locations":[{"start":{"line":218,"column":22},"end":{"line":218,"column":null}},{"start":{"line":219,"column":22},"end":{"line":223,"column":null}}],"line":217},"43":{"loc":{"start":{"line":217,"column":19},"end":{"line":217,"column":null}},"type":"binary-expr","locations":[{"start":{"line":217,"column":19},"end":{"line":217,"column":52}},{"start":{"line":217,"column":52},"end":{"line":217,"column":null}}],"line":217},"44":{"loc":{"start":{"line":218,"column":43},"end":{"line":218,"column":null}},"type":"binary-expr","locations":[{"start":{"line":218,"column":43},"end":{"line":218,"column":76}},{"start":{"line":218,"column":76},"end":{"line":218,"column":null}}],"line":218},"45":{"loc":{"start":{"line":219,"column":22},"end":{"line":223,"column":null}},"type":"cond-expr","locations":[{"start":{"line":220,"column":22},"end":{"line":222,"column":null}},{"start":{"line":223,"column":22},"end":{"line":223,"column":null}}],"line":219},"46":{"loc":{"start":{"line":219,"column":34},"end":{"line":219,"column":76}},"type":"binary-expr","locations":[{"start":{"line":219,"column":34},"end":{"line":219,"column":74}},{"start":{"line":219,"column":74},"end":{"line":219,"column":76}}],"line":219},"47":{"loc":{"start":{"line":238,"column":13},"end":{"line":245,"column":null}},"type":"cond-expr","locations":[{"start":{"line":239,"column":14},"end":{"line":245,"column":null}},{"start":{"line":245,"column":16},"end":{"line":245,"column":null}}],"line":238},"48":{"loc":{"start":{"line":247,"column":13},"end":{"line":347,"column":null}},"type":"cond-expr","locations":[{"start":{"line":248,"column":14},"end":{"line":347,"column":null}},{"start":{"line":347,"column":16},"end":{"line":347,"column":null}}],"line":247},"49":{"loc":{"start":{"line":255,"column":36},"end":{"line":255,"column":null}},"type":"cond-expr","locations":[{"start":{"line":255,"column":74},"end":{"line":255,"column":91}},{"start":{"line":255,"column":91},"end":{"line":255,"column":null}}],"line":255},"50":{"loc":{"start":{"line":256,"column":55},"end":{"line":256,"column":78}},"type":"binary-expr","locations":[{"start":{"line":256,"column":55},"end":{"line":256,"column":74}},{"start":{"line":256,"column":74},"end":{"line":256,"column":78}}],"line":256},"51":{"loc":{"start":{"line":261,"column":37},"end":{"line":261,"column":null}},"type":"binary-expr","locations":[{"start":{"line":261,"column":37},"end":{"line":261,"column":54}},{"start":{"line":261,"column":54},"end":{"line":261,"column":68}},{"start":{"line":261,"column":68},"end":{"line":261,"column":null}}],"line":261},"52":{"loc":{"start":{"line":262,"column":26},"end":{"line":273,"column":null}},"type":"binary-expr","locations":[{"start":{"line":263,"column":23},"end":{"line":263,"column":null}},{"start":{"line":264,"column":23},"end":{"line":268,"column":null}},{"start":{"line":269,"column":23},"end":{"line":273,"column":null}}],"line":262},"53":{"loc":{"start":{"line":269,"column":23},"end":{"line":273,"column":null}},"type":"cond-expr","locations":[{"start":{"line":270,"column":26},"end":{"line":272,"column":null}},{"start":{"line":273,"column":26},"end":{"line":273,"column":null}}],"line":269},"54":{"loc":{"start":{"line":270,"column":26},"end":{"line":272,"column":null}},"type":"cond-expr","locations":[{"start":{"line":271,"column":28},"end":{"line":271,"column":null}},{"start":{"line":272,"column":28},"end":{"line":272,"column":null}}],"line":270},"55":{"loc":{"start":{"line":274,"column":57},"end":{"line":274,"column":71}},"type":"binary-expr","locations":[{"start":{"line":274,"column":57},"end":{"line":274,"column":69}},{"start":{"line":274,"column":69},"end":{"line":274,"column":71}}],"line":274},"56":{"loc":{"start":{"line":275,"column":45},"end":{"line":275,"column":86}},"type":"binary-expr","locations":[{"start":{"line":275,"column":45},"end":{"line":275,"column":70}},{"start":{"line":275,"column":70},"end":{"line":275,"column":85}},{"start":{"line":275,"column":85},"end":{"line":275,"column":86}}],"line":275},"57":{"loc":{"start":{"line":281,"column":26},"end":{"line":281,"column":null}},"type":"cond-expr","locations":[{"start":{"line":281,"column":39},"end":{"line":281,"column":74}},{"start":{"line":281,"column":74},"end":{"line":281,"column":null}}],"line":281},"58":{"loc":{"start":{"line":285,"column":27},"end":{"line":292,"column":null}},"type":"cond-expr","locations":[{"start":{"line":286,"column":28},"end":{"line":288,"column":29}},{"start":{"line":288,"column":28},"end":{"line":292,"column":null}}],"line":285},"59":{"loc":{"start":{"line":300,"column":27},"end":{"line":304,"column":null}},"type":"cond-expr","locations":[{"start":{"line":301,"column":28},"end":{"line":304,"column":null}},{"start":{"line":304,"column":30},"end":{"line":304,"column":null}}],"line":300},"60":{"loc":{"start":{"line":310,"column":46},"end":{"line":310,"column":null}},"type":"binary-expr","locations":[{"start":{"line":310,"column":46},"end":{"line":310,"column":60}},{"start":{"line":310,"column":60},"end":{"line":310,"column":74}},{"start":{"line":310,"column":74},"end":{"line":310,"column":null}}],"line":310},"61":{"loc":{"start":{"line":321,"column":46},"end":{"line":321,"column":null}},"type":"binary-expr","locations":[{"start":{"line":321,"column":46},"end":{"line":321,"column":60}},{"start":{"line":321,"column":60},"end":{"line":321,"column":null}}],"line":321},"62":{"loc":{"start":{"line":329,"column":67},"end":{"line":329,"column":85}},"type":"binary-expr","locations":[{"start":{"line":329,"column":67},"end":{"line":329,"column":84}},{"start":{"line":329,"column":84},"end":{"line":329,"column":85}}],"line":329},"63":{"loc":{"start":{"line":365,"column":13},"end":{"line":411,"column":null}},"type":"cond-expr","locations":[{"start":{"line":366,"column":14},"end":{"line":411,"column":null}},{"start":{"line":411,"column":16},"end":{"line":411,"column":null}}],"line":365},"64":{"loc":{"start":{"line":365,"column":13},"end":{"line":365,"column":null}},"type":"binary-expr","locations":[{"start":{"line":365,"column":13},"end":{"line":365,"column":43}},{"start":{"line":365,"column":43},"end":{"line":365,"column":null}}],"line":365},"65":{"loc":{"start":{"line":372,"column":39},"end":{"line":376,"column":null}},"type":"cond-expr","locations":[{"start":{"line":373,"column":24},"end":{"line":375,"column":null}},{"start":{"line":376,"column":24},"end":{"line":376,"column":null}}],"line":372},"66":{"loc":{"start":{"line":373,"column":24},"end":{"line":375,"column":null}},"type":"cond-expr","locations":[{"start":{"line":374,"column":26},"end":{"line":374,"column":null}},{"start":{"line":375,"column":26},"end":{"line":375,"column":null}}],"line":373},"67":{"loc":{"start":{"line":377,"column":56},"end":{"line":377,"column":72}},"type":"binary-expr","locations":[{"start":{"line":377,"column":56},"end":{"line":377,"column":70}},{"start":{"line":377,"column":70},"end":{"line":377,"column":72}}],"line":377},"68":{"loc":{"start":{"line":378,"column":37},"end":{"line":378,"column":null}},"type":"binary-expr","locations":[{"start":{"line":378,"column":37},"end":{"line":378,"column":59}},{"start":{"line":378,"column":59},"end":{"line":378,"column":73}},{"start":{"line":378,"column":73},"end":{"line":378,"column":null}}],"line":378},"69":{"loc":{"start":{"line":390,"column":27},"end":{"line":396,"column":null}},"type":"cond-expr","locations":[{"start":{"line":391,"column":28},"end":{"line":396,"column":null}},{"start":{"line":396,"column":30},"end":{"line":396,"column":null}}],"line":390},"70":{"loc":{"start":{"line":393,"column":35},"end":{"line":393,"column":null}},"type":"binary-expr","locations":[{"start":{"line":393,"column":35},"end":{"line":393,"column":48}},{"start":{"line":393,"column":48},"end":{"line":393,"column":null}}],"line":393},"71":{"loc":{"start":{"line":400,"column":29},"end":{"line":400,"column":null}},"type":"binary-expr","locations":[{"start":{"line":400,"column":29},"end":{"line":400,"column":42}},{"start":{"line":400,"column":42},"end":{"line":400,"column":null}}],"line":400}},"s":{"0":4,"1":4,"2":4,"3":4,"4":4,"5":4,"6":4,"7":4,"8":4,"9":4,"10":4,"11":4,"12":4,"13":0,"14":0,"15":0,"16":0,"17":0,"18":0,"19":0,"20":0,"21":0,"22":0,"23":0,"24":0,"25":0,"26":0,"27":0,"28":0,"29":0,"30":4,"31":4,"32":1,"33":3,"34":4,"35":4,"36":4,"37":4,"38":0,"39":0,"40":0,"41":0,"42":0,"43":0,"44":0,"45":0,"46":0,"47":0,"48":0,"49":0,"50":0,"51":0,"52":0,"53":0,"54":0,"55":0,"56":4,"57":4,"58":4,"59":4,"60":4,"61":4,"62":0,"63":4,"64":4,"65":4,"66":4,"67":4,"68":0,"69":4,"70":4,"71":0,"72":0,"73":0,"74":0,"75":0,"76":0,"77":0,"78":0,"79":0,"80":0,"81":0,"82":0,"83":0,"84":0,"85":0,"86":0,"87":0,"88":4,"89":0,"90":0,"91":0,"92":0,"93":0,"94":0,"95":0,"96":0,"97":0,"98":0,"99":0,"100":0,"101":0,"102":0,"103":4,"104":1,"105":3,"106":0,"107":1,"108":1,"109":1,"110":1,"111":1,"112":1,"113":1,"114":1,"115":1,"116":1,"117":1,"118":0,"119":0,"120":0,"121":0,"122":0,"123":0,"124":0,"125":0,"126":0},"f":{"0":4,"1":4,"2":0,"3":0,"4":0,"5":4,"6":4,"7":0,"8":0,"9":4,"10":4,"11":4,"12":0,"13":0,"14":0,"15":0,"16":0,"17":0,"18":0,"19":1,"20":0,"21":0,"22":0,"23":0,"24":0},"b":{"0":[4,0],"1":[4,3],"2":[0,0],"3":[0,0],"4":[0,0],"5":[0,0],"6":[1,3],"7":[4,0],"8":[4,3],"9":[0,0],"10":[0,0],"11":[0,0],"12":[0,0],"13":[0,0],"14":[0,0],"15":[4,0],"16":[4,3],"17":[0,0],"18":[0,0],"19":[0,0],"20":[4,0,0,0,0],"21":[4,0],"22":[4,0],"23":[4,0],"24":[4,0,0],"25":[4,0],"26":[0,4],"27":[0,4],"28":[0,0],"29":[0,0],"30":[0,0],"31":[0,0],"32":[0,0],"33":[0,0,0],"34":[0,0],"35":[0,0],"36":[0,0],"37":[0,0],"38":[0,0,0],"39":[1,3],"40":[3,0],"41":[0,3],"42":[0,0],"43":[0,0],"44":[0,0],"45":[0,0],"46":[0,0],"47":[0,3],"48":[1,2],"49":[0,1],"50":[1,0],"51":[1,1,0],"52":[1,0,0],"53":[0,0],"54":[0,0],"55":[1,0],"56":[1,1,0],"57":[0,1],"58":[1,0],"59":[0,1],"60":[1,1,1],"61":[1,1],"62":[1,0],"63":[0,3],"64":[4,0],"65":[0,0],"66":[0,0],"67":[0,0],"68":[0,0,0],"69":[0,0],"70":[0,0],"71":[0,0]},"meta":{"lastBranch":72,"lastFunction":25,"lastStatement":127,"seen":{"f:18:16:18:29":0,"s:19:19:19:31":0,"s:20:20:20:Infinity":1,"s:21:25:21:Infinity":2,"s:34:6:34:20":3,"s:35:43:35:51":4,"s:36:48:36:Infinity":5,"s:37:40:37:Infinity":6,"s:38:40:38:Infinity":7,"s:39:44:39:Infinity":8,"s:40:44:40:Infinity":9,"s:42:2:67:Infinity":10,"f:42:2:42:18":1,"b:43:4:43:Infinity:undefined:undefined:undefined:undefined":0,"s:43:4:43:Infinity":11,"b:43:8:43:23:43:23:43:47":1,"s:43:47:43:Infinity":12,"s:45:4:45:Infinity":13,"s:46:25:46:Infinity":14,"f:46:32:46:49":2,"s:46:49:46:72":15,"s:48:16:48:Infinity":16,"s:49:4:61:Infinity":17,"f:49:5:49:17":3,"s:50:6:60:Infinity":18,"s:51:8:51:Infinity":19,"s:52:25:52:Infinity":20,"b:53:8:55:Infinity:undefined:undefined:undefined:undefined":2,"s:53:8:55:Infinity":21,"s:54:10:54:Infinity":22,"b:54:61:54:77:54:77:54:79":3,"b:57:8:57:Infinity:undefined:undefined:undefined:undefined":4,"s:57:8:57:Infinity":23,"s:57:19:57:Infinity":24,"b:59:8:59:Infinity:undefined:undefined:undefined:undefined":5,"s:59:8:59:Infinity":25,"s:59:19:59:Infinity":26,"s:63:4:66:Infinity":27,"f:63:4:63:17":4,"s:64:6:64:Infinity":28,"s:65:6:65:Infinity":29,"s:69:2:73:Infinity":30,"f:69:2:69:18":5,"b:70:4:70:Infinity:undefined:undefined:undefined:undefined":6,"s:70:4:70:Infinity":31,"s:70:21:70:Infinity":32,"s:71:4:71:Infinity":33,"s:72:4:72:Infinity":34,"s:75:2:102:Infinity":35,"f:75:2:75:18":6,"b:76:4:76:Infinity:undefined:undefined:undefined:undefined":7,"s:76:4:76:Infinity":36,"b:76:8:76:23:76:23:76:43":8,"s:76:43:76:Infinity":37,"s:78:17:78:Infinity":38,"s:79:10:98:Infinity":39,"f:79:10:79:27":7,"b:80:6:80:Infinity:undefined:undefined:undefined:undefined":9,"s:80:6:80:Infinity":40,"s:80:31:80:Infinity":41,"s:82:32:84:Infinity":42,"b:86:6:86:Infinity:undefined:undefined:undefined:undefined":10,"s:86:6:86:Infinity":43,"s:86:37:86:Infinity":44,"s:88:27:88:Infinity":45,"s:89:26:89:Infinity":46,"b:91:6:97:Infinity:94:13:97:Infinity":11,"s:91:6:97:Infinity":47,"b:91:10:91:28:91:28:91:69":12,"s:92:8:92:Infinity":48,"s:93:8:93:Infinity":49,"b:94:13:97:Infinity:undefined:undefined:undefined:undefined":13,"s:94:13:97:Infinity":50,"b:94:17:94:36:94:36:94:76":14,"s:95:8:95:Infinity":51,"s:96:8:96:Infinity":52,"s:100:4:100:Infinity":53,"s:101:4:101:Infinity":54,"f:101:4:101:17":8,"s:101:17:101:Infinity":55,"s:104:25:104:Infinity":56,"f:104:25:104:39":9,"s:104:39:104:67":57,"s:105:20:105:Infinity":58,"s:107:27:131:Infinity":59,"f:107:27:107:41":10,"b:108:4:108:Infinity:undefined:undefined:undefined:undefined":15,"s:108:4:108:Infinity":60,"b:108:8:108:32:108:32:108:51":16,"s:108:51:108:Infinity":61,"s:111:6:115:Infinity":62,"b:112:10:114:Infinity:115:10:115:Infinity":17,"b:111:6:111:49:111:49:111:Infinity":18,"b:113:12:113:Infinity:114:12:114:Infinity":19,"s:117:22:119:Infinity":63,"b:118:6:118:41:118:41:118:68:118:68:118:103:118:103:118:130:118:130:118:Infinity":20,"s:121:4:130:Infinity":64,"b:123:12:123:38:123:38:123:Infinity":21,"b:125:23:125:44:125:44:125:45":22,"b:127:17:127:48:127:48:127:Infinity":23,"b:128:20:128:54:128:54:128:81:128:81:128:Infinity":24,"b:129:25:129:65:129:65:129:Infinity":25,"s:133:23:133:Infinity":65,"b:133:42:133:63:133:63:133:Infinity":26,"s:134:21:148:Infinity":66,"f:134:21:134:Infinity":11,"b:136:6:141:Infinity:undefined:undefined:undefined:undefined":27,"s:136:6:141:Infinity":67,"s:137:8:140:Infinity":68,"b:138:52:138:81:138:81:138:82":28,"b:139:24:139:53:139:53:139:54":29,"s:142:6:145:Infinity":69,"s:150:27:174:Infinity":70,"f:150:27:150:34":12,"b:151:4:154:Infinity:undefined:undefined:undefined:undefined":30,"s:151:4:154:Infinity":71,"s:152:6:152:Infinity":72,"s:153:6:153:Infinity":73,"s:156:20:156:Infinity":74,"b:157:4:157:Infinity:undefined:undefined:undefined:undefined":31,"s:157:4:157:Infinity":75,"s:157:36:157:Infinity":76,"s:159:4:159:Infinity":77,"f:159:4:159:22":13,"s:159:31:159:57":78,"s:160:4:173:Infinity":79,"s:161:6:161:Infinity":80,"b:162:6:164:Infinity:undefined:undefined:undefined:undefined":32,"s:162:6:164:Infinity":81,"s:163:8:163:Infinity":82,"s:166:6:166:Infinity":83,"b:166:16:166:50:166:50:166:68:166:68:166:102":33,"s:168:6:172:Infinity":84,"f:168:6:168:24":14,"s:169:21:169:Infinity":85,"s:170:8:170:Infinity":86,"s:171:8:171:Infinity":87,"s:176:31:194:Infinity":88,"f:176:31:176:38":15,"b:177:4:177:Infinity:undefined:undefined:undefined:undefined":34,"s:177:4:177:Infinity":89,"b:177:8:177:22:177:22:177:39":35,"s:177:39:177:Infinity":90,"s:179:20:179:Infinity":91,"b:180:4:180:Infinity:undefined:undefined:undefined:undefined":36,"s:180:4:180:Infinity":92,"b:180:8:180:38:180:38:180:66":37,"s:180:66:180:Infinity":93,"s:182:4:182:Infinity":94,"f:182:4:182:22":16,"s:182:31:182:57":95,"s:183:4:193:Infinity":96,"s:184:6:184:Infinity":97,"s:186:6:186:Infinity":98,"b:186:16:186:50:186:50:186:68:186:68:186:96":38,"s:188:6:192:Infinity":99,"f:188:6:188:24":17,"s:189:21:189:Infinity":100,"s:190:8:190:Infinity":101,"s:191:8:191:Infinity":102,"b:196:2:196:Infinity:undefined:undefined:undefined:undefined":39,"s:196:2:196:Infinity":103,"s:196:19:196:Infinity":104,"s:198:2:444:Infinity":105,"b:207:26:207:44:207:44:207:Infinity":40,"b:216:16:225:Infinity:225:18:225:Infinity":41,"b:218:22:218:Infinity:219:22:223:Infinity":42,"b:217:19:217:52:217:52:217:Infinity":43,"b:218:43:218:76:218:76:218:Infinity":44,"b:220:22:222:Infinity:223:22:223:Infinity":45,"b:219:34:219:74:219:74:219:76":46,"f:221:25:221:30":18,"s:221:47:221:65":106,"b:239:14:245:Infinity:245:16:245:Infinity":47,"b:248:14:347:Infinity:347:16:347:Infinity":48,"f:254:32:254:37":19,"s:255:36:255:Infinity":107,"b:255:74:255:91:255:91:255:Infinity":49,"s:256:38:256:Infinity":108,"b:256:55:256:74:256:74:256:78":50,"s:257:38:257:Infinity":109,"s:258:36:258:Infinity":110,"s:259:39:259:Infinity":111,"s:260:39:260:Infinity":112,"s:261:37:261:Infinity":113,"b:261:37:261:54:261:54:261:68:261:68:261:Infinity":51,"s:262:26:273:Infinity":114,"b:263:23:263:Infinity:264:23:268:Infinity:269:23:273:Infinity":52,"b:270:26:272:Infinity:273:26:273:Infinity":53,"b:271:28:271:Infinity:272:28:272:Infinity":54,"s:274:38:274:Infinity":115,"b:274:57:274:69:274:69:274:71":55,"s:275:38:275:Infinity":116,"b:275:45:275:70:275:70:275:85:275:85:275:86":56,"s:277:20:342:Infinity":117,"b:281:39:281:74:281:74:281:Infinity":57,"b:286:28:288:29:288:28:292:Infinity":58,"b:301:28:304:Infinity:304:30:304:Infinity":59,"f:309:36:309:51":20,"s:309:51:309:Infinity":118,"b:310:46:310:60:310:60:310:74:310:74:310:Infinity":60,"f:320:36:320:51":21,"s:320:51:320:Infinity":119,"b:321:46:321:60:321:60:321:Infinity":61,"b:329:67:329:84:329:84:329:85":62,"f:333:30:333:45":22,"s:333:45:333:Infinity":120,"b:366:14:411:Infinity:411:16:411:Infinity":63,"b:365:13:365:43:365:43:365:Infinity":64,"f:371:35:371:40":23,"s:372:39:376:Infinity":121,"b:373:24:375:Infinity:376:24:376:Infinity":65,"b:374:26:374:Infinity:375:26:375:Infinity":66,"s:377:37:377:Infinity":122,"b:377:56:377:70:377:70:377:72":67,"s:378:37:378:Infinity":123,"b:378:37:378:59:378:59:378:73:378:73:378:Infinity":68,"s:380:20:406:Infinity":124,"f:383:24:383:39":24,"s:384:26:384:Infinity":125,"s:385:26:385:Infinity":126,"b:391:28:396:Infinity:396:30:396:Infinity":69,"b:393:35:393:48:393:48:393:Infinity":70,"b:400:29:400:42:400:42:400:Infinity":71},"fnNames":{}}}
,"E:\\GRM\\PROJ\\frontend\\src\\components\\FbtBundleSection.jsx": {"path":"E:\\GRM\\PROJ\\frontend\\src\\components\\FbtBundleSection.jsx","statementMap":{"0":{"start":{"line":6,"column":35},"end":{"line":6,"column":null}},"1":{"start":{"line":9,"column":2},"end":{"line":9,"column":null}},"2":{"start":{"line":13,"column":30},"end":{"line":13,"column":null}},"3":{"start":{"line":14,"column":26},"end":{"line":17,"column":null}},"4":{"start":{"line":15,"column":11},"end":{"line":15,"column":null}},"5":{"start":{"line":18,"column":25},"end":{"line":21,"column":null}},"6":{"start":{"line":19,"column":11},"end":{"line":19,"column":null}},"7":{"start":{"line":22,"column":18},"end":{"line":22,"column":null}},"8":{"start":{"line":22,"column":81},"end":{"line":22,"column":107}},"9":{"start":{"line":23,"column":20},"end":{"line":23,"column":null}},"10":{"start":{"line":25,"column":2},"end":{"line":37,"column":null}},"11":{"start":{"line":26,"column":4},"end":{"line":26,"column":null}},"12":{"start":{"line":26,"column":66},"end":{"line":26,"column":null}},"13":{"start":{"line":27,"column":4},"end":{"line":27,"column":null}},"14":{"start":{"line":28,"column":4},"end":{"line":36,"column":null}},"15":{"start":{"line":29,"column":6},"end":{"line":35,"column":null}},"16":{"start":{"line":39,"column":2},"end":{"line":39,"column":null}},"17":{"start":{"line":39,"column":57},"end":{"line":39,"column":null}},"18":{"start":{"line":42,"column":4},"end":{"line":42,"column":null}},"19":{"start":{"line":42,"column":33},"end":{"line":42,"column":null}},"20":{"start":{"line":43,"column":4},"end":{"line":43,"column":null}},"21":{"start":{"line":44,"column":4},"end":{"line":62,"column":null}},"22":{"start":{"line":45,"column":6},"end":{"line":47,"column":null}},"23":{"start":{"line":46,"column":8},"end":{"line":46,"column":null}},"24":{"start":{"line":48,"column":6},"end":{"line":59,"column":null}},"25":{"start":{"line":50,"column":10},"end":{"line":57,"column":null}},"26":{"start":{"line":61,"column":6},"end":{"line":61,"column":null}},"27":{"start":{"line":65,"column":2},"end":{"line":116,"column":null}},"28":{"start":{"line":86,"column":12},"end":{"line":95,"column":null}}},"fnMap":{"0":{"name":"getImage","decl":{"start":{"line":8,"column":9},"end":{"line":8,"column":18}},"loc":{"start":{"line":8,"column":27},"end":{"line":10,"column":null}},"line":8},"1":{"name":"FbtBundleSection","decl":{"start":{"line":12,"column":16},"end":{"line":12,"column":33}},"loc":{"start":{"line":12,"column":99},"end":{"line":118,"column":null}},"line":12},"2":{"name":"(anonymous_2)","decl":{"start":{"line":14,"column":26},"end":{"line":14,"column":null}},"loc":{"start":{"line":15,"column":11},"end":{"line":15,"column":null}},"line":15},"3":{"name":"(anonymous_3)","decl":{"start":{"line":18,"column":25},"end":{"line":18,"column":null}},"loc":{"start":{"line":19,"column":11},"end":{"line":19,"column":null}},"line":19},"4":{"name":"(anonymous_4)","decl":{"start":{"line":22,"column":67},"end":{"line":22,"column":72}},"loc":{"start":{"line":22,"column":81},"end":{"line":22,"column":107}},"line":22},"5":{"name":"(anonymous_5)","decl":{"start":{"line":25,"column":2},"end":{"line":25,"column":18}},"loc":{"start":{"line":25,"column":18},"end":{"line":37,"column":5}},"line":25},"6":{"name":"(anonymous_6)","decl":{"start":{"line":28,"column":20},"end":{"line":28,"column":29}},"loc":{"start":{"line":28,"column":38},"end":{"line":36,"column":5}},"line":28},"7":{"name":"(anonymous_7)","decl":{"start":{"line":35,"column":9},"end":{"line":35,"colum
[...]
69},"end":{"line":254,"column":71}}],"line":254}},"s":{"0":1,"1":1,"2":1,"3":0,"4":0,"5":0,"6":0,"7":0,"8":0,"9":0,"10":0,"11":0,"12":0,"13":0,"14":0,"15":0,"16":0,"17":0,"18":0,"19":0,"20":0,"21":0,"22":0,"23":0,"24":0,"25":0,"26":0,"27":0,"28":0,"29":0,"30":0,"31":0,"32":0,"33":0,"34":0,"35":0,"36":0,"37":0,"38":0,"39":0,"40":0,"41":0,"42":0,"43":0,"44":0,"45":0,"46":0,"47":0,"48":0,"49":0,"50":0,"51":0,"52":0,"53":0,"54":0,"55":0,"56":0,"57":0,"58":0,"59":0,"60":0,"61":0,"62":0,"63":0,"64":0,"65":0,"66":0,"67":0,"68":0,"69":0,"70":0,"71":0,"72":0,"73":0,"74":0,"75":0,"76":0,"77":0,"78":0,"79":0,"80":0,"81":0,"82":0,"83":0,"84":0,"85":0,"86":0,"87":0,"88":0,"89":0,"90":0,"91":0,"92":0,"93":0,"94":0,"95":0,"96":0,"97":0,"98":0,"99":0,"100":0,"101":0,"102":0,"103":0,"104":0,"105":0,"106":0,"107":0,"108":0,"109":0,"110":0,"111":0,"112":0,"113":0,"114":0,"115":0,"116":0,"117":0,"118":0,"119":0,"120":0,"121":0},"f":{"0":0,"1":0,"2":0,"3":0,"4":0,"5":0,"6":0,"7":0,"8":0,"9":0,"10":0,"11":0,"12":0,"13":0,"14":0,"15":0,"16":0,"17":0,"18":0,"19":0,"20":0,"21":0,"22":0,"23":0,"24":0,"25":0,"26":0,"27":0,"28":0,"29":0},"b":{"0":[0,0],"1":[0,0],"2":[0,0],"3":[0,0],"4":[0,0],"5":[0,0],"6":[0,0],"7":[0,0],"8":[0,0,0,0],"9":[0],"10":[0,0],"11":[0,0],"12":[0,0],"13":[0,0],"14":[0,0,0],"15":[0,0],"16":[0,0],"17":[0,0],"18":[0,0,0],"19":[0,0],"20":[0,0],"21":[0,0],"22":[0,0,0],"23":[0,0],"24":[0,0],"25":[0,0],"26":[0,0],"27":[0,0],"28":[0,0],"29":[0,0],"30":[0,0],"31":[0,0],"32":[0,0],"33":[0,0,0],"34":[0,0],"35":[0,0],"36":[0,0,0],"37":[0,0],"38":[0],"39":[0,0],"40":[0,0],"41":[0,0],"42":[0,0],"43":[0,0],"44":[0,0],"45":[0,0],"46":[0,0],"47":[0,0],"48":[0,0],"49":[0,0],"50":[0,0],"51":[0,0],"52":[0,0],"53":[0,0],"54":[0,0],"55":[0,0],"56":[0,0],"57":[0,0],"58":[0,0],"59":[0,0]},"meta":{"lastBranch":60,"lastFunction":30,"lastStatement":122,"seen":{"s:2:24:2:Infinity":0,"s:3:38:3:Infinity":1,"s:4:20:4:Infinity":2,"f:6:9:6:18":0,"s:7:2:14:Infinity":3,"b:11:12:11:44:11:44:11:Infinity":0,"b:12:16:12:52:12:52:12:Infinity":1,"b:13:23:13:75:13:75:13:Infinity":2,"f:17:16:17:45":1,"b:18:2:18:Infinity:undefined:undefined:undefined:undefined":3,"s:18:2:18:Infinity":4,"s:18:37:18:Infinity":5,"s:19:17:19:Infinity":6,"b:20:2:20:Infinity:undefined:undefined:undefined:undefined":4,"s:20:2:20:Infinity":7,"s:20:41:20:Infinity":8,"b:21:2:21:Infinity:undefined:undefined:undefined:undefined":5,"s:21:2:21:Infinity":9,"s:21:70:21:Infinity":10,"b:22:2:22:Infinity:undefined:undefined:undefined:undefined":6,"s:22:2:22:Infinity":11,"s:22:71:22:Infinity":12,"s:23:2:23:Infinity":13,"b:23:9:23:32:23:32:23:Infinity":7,"f:26:9:26:17":2,"s:27:2:27:Infinity":14,"b:27:9:27:32:27:32:27:51:27:51:27:80:27:80:27:Infinity":8,"f:30:9:30:27":3,"b:30:45:30:49":9,"s:31:17:31:Infinity":15,"s:32:2:41:Infinity":16,"b:32:17:32:28:32:28:32:30":10,"f:32:32:32:41":4,"s:33:17:33:Infinity":17,"b:33:26:33:47:33:47:33:Infinity":11,"b:34:4:37:Infinity:undefined:undefined:undefined:undefined":12,"s:34:4:37:Infinity":18,"s:35:6:35:Infinity":19,"s:36:6:36:Infinity":20,"b:38:4:40:Infinity:undefined:undefined:undefined:undefined":13,"s:38:4:40:Infinity":21,"b:38:8:38:17:38:17:38:46:38:46:38:69":14,"s:39:6:39:Infinity":22,"s:42:2:42:Infinity":23,"f:45:9:45:34":5,"b:46:2:48:Infinity:undefined:undefined:undefined:undefined":15,"s:46:2:48:Infinity":24,"s:47:4:47:Infinity":25,"s:49:18:53:Infinity":26,"f:50:5:50:10":6,"s:50:22:53:6":27,"b:51:11:51:25:51:25:51:Infinity":16,"b:52:23:52:53:52:53:52:Infinity":17,"s:54:25:61:Infinity":28,"f:54:33:54:41":7,"s:55:4:60:Infinity":29,"s:56:18:56:Infinity":30,"s:57:6:57:Infinity":31,"s:59:6:59:Infinity":32,"s:62:2:69:Infinity":33,"f:63:20:63:26":8,"s:63:37:63:67":34,"b:64:17:64:39:64:39:64:99:64:99:64:Infinity":18,"f:72:9:72:35":9,"b:73:2:73:Infinity:undefined:undefined:undefined:undefined":19,"s:73:2:73:Infinity":35,"s:73:16:73:Infinity":36,"s:74:18:74:Infinity":37,"s:75:2:80:Infinity":38,"f:75:23:75:32":10,"b:76:4:79:Infinity:undefined:undefined:undefined:undefined":20,"s:76:4:79:Infinity":39,"s:77:6:77:Infinity":40,"s:78:6:78:Infinity":41,"s:81:2:81:Infinity":42,"f:84:16:84:50":11,"b:85:2:85:Infinity:undefined:undefined:undefined:undefined":21,"s:85:2:85:Infinity":43,"s:85:37:85:Infinity":44,"s:86:8:89:Infinity":45,"f:86:8:86:19":12,"s:87:4:89:Infinity":46,"b:87:4:87:Infinity:88:4:88:Infinity:89:4:89:Infinity":22,"s:90:17:94:Infinity":47,"b:95:2:98:Infinity:undefined:undefined:undefined:undefined":23,"s:95:2:98:Infinity":48,"b:95:6:95:36:95:36:95:66":24,"s:96:4:96:Infinity":49,"s:97:4:97:Infinity":50,"s:99:2:99:Infinity":51,"f:102:15:102:38":13,"b:103:2:103:Infinity:undefined:undefined:undefined:undefined":25,"s:103:2:103:Infinity":52,"s:103:37:103:Infinity":53,"s:105:4:114:Infinity":54,"b:106:8:113:Infinity:114:8:114:Infinity":26,"f:106:57:106:63":14,"s:107:10:112:Infinity":55,"f:107:24:107:29":15,"s:107:47:112:12":56,"f:113:10:113:22":16,"s:113:22:113:24":57,"s:115:20:115:Infinity":58,"b:115:42:115:87:115:87:115:Infinity":27,"f:115:69:115:81":17,"s:115:81:115:83":59,"s:116:22:118:Infinity":60,"b:116:34:116:57:116:57:116:59":28,"f:116:61:116:69":18,"s:117:4:117:Infinity":61,"s:119:25:123:Infinity":62,"f:119:37:119:45":19,"s:120:18:120:Infinity":63,"b:120:18:120:54:120:54:120:Infinity":29,"s:121:4:121:Infinity":64,"b:121:36:121:66:121:66:121:Infinity":30,"s:122:4:122:Infinity":65,"s:124:2:128:Infinity":66,"f:131:9:131:23":20,"s:132:17:139:Infinity":67,"s:140:21:140:Infinity":68,"s:142:16:147:Infinity":69,"s:149:2:153:Infinity":70,"f:149:8:149:17":21,"b:150:4:152:Infinity:undefined:undefined:undefined:undefined":31,"s:150:4:152:Infinity":71,"s:151:6:151:Infinity":72,"b:155:2:157:Infinity:undefined:undefined:undefined:undefined":32,"s:155:2:157:Infinity":73,"f:155:17:155:23":22,"s:155:32:155:125":74,"b:155:32:155:63:155:63:155:95:155:95:155:125":33,"s:156:4:156:Infinity":75,"b:158:2:158:Infinity:undefined:undefined:undefined:undefined":34,"s:158:2:158:Infinity":76,"f:158:17:158:23":23,"s:158:32:158:60":77,"s:158:63:158:Infinity":78,"s:160:2:160:Infinity":79,"f:163:9:163:24":24,"b:164:2:164:Infinity:undefined:undefined:undefined:undefined":35,"s:164:2:164:Infinity":80,"s:164:39:164:Infinity":81,"s:166:4:168:Infinity":82,"b:166:4:166:Infinity:167:4:167:Infinity:168:4:168:Infinity":36,"b:169:2:169:Infinity:undefined:undefined:undefined:undefined":37,"s:169:2:169:Infinity":83,"s:169:23:169:Infinity":84,"s:170:15:170:Infinity":85,"s:171:15:171:Infinity":86,"s:172:2:172:Infinity":87,"s:173:2:173:Infinity":88,"s:174:2:174:Infinity":89,"s:175:2:175:Infinity":90,"s:176:2:176:Infinity":91,"s:177:2:177:Infinity":92,"s:178:2:178:Infinity":93,"f:181:9:181:23":25,"s:182:4:182:Infinity":94,"s:183:4:183:Infinity":95,"s:184:2:184:Infinity":96,"s:185:2:185:Infinity":97,"f:188:22:188:46":26,"b:188:108:188:116":38,"b:189:2:189:Infinity:undefined:undefined:undefined:undefined":39,"s:189:2:189:Infinity":98,"s:189:37:189:Infinity":99,"s:191:26:200:Infinity":100,"b:198:13:198:33:198:33:198:Infinity":40,"b:199:11:199:29:199:29:199:Infinity":41,"s:202:45:205:Infinity":101,"b:203:24:203:127:203:127:203:Infinity":42,"f:203:44:203:51":27,"s:203:62:203:123":102,"b:203:80:203:98:203:98:203:121":43,"s:207:22:207:Infinity":103,"s:208:22:208:Infinity":104,"s:209:21:209:Infinity":105,"s:210:17:210:Infinity":106,"b:212:2:212:Infinity:undefined:undefined:undefined:undefined":44,"s:212:2:212:Infinity":107,"s:212:26:212:Infinity":108,"b:213:2:213:Infinity:undefined:undefined:undefined:undefined":45,"s:213:2:213:Infinity":109,"b:213:6:213:34:213:34:213:55":46,"s:213:55:213:Infinity":110,"b:214:2:214:Infinity:undefined:undefined:undefined:undefined":47,"s:214:2:214:Infinity":111,"b:214:6:214:45:214:45:214:77":48,"s:214:77:214:Infinity":112,"b:215:2:215:Infinity:undefined:undefined:undefined:undefined":49,"s:215:2:215:Infinity":113,"s:215:42:215:Infinity":114,"s:217:19:217:Infinity":115,"f:217:41:217:49":28,"s:217:59:217:75":116,"s:218:19:218:Infinity":117,"f:218:41:218:49":29,"s:218:59:218:78":118,"s:220:17:257:Infinity":119,"b:224:30:224:39:224:39:224:Infinity":50,"b:224:50:224:62:224:62:224:Infinity":51,"b:231:8:238:Infinity:239:8:239:Infinity":52,"b:232:16:232:48:232:48:232:Infinity":53,"b:233:23:233:62:233:62:233:Infinity":54,"b:234:18:234:52:234:52:234:Infinity":55,"b:235:16:235:48:235:48:235:Infinity":56,"b:236:18:236:52:236:52:236:Infinity":57,"b:237:20:237:56:237:56:237:Infinity":58,"b:254:20:254:69:254:69:254:71":59,"s:259:2:259:Infinity":120,"s:260:2:260:Infinity":121},"fnNames":{}}}
,"E:\\GRM\\PROJ\\frontend\\src\\utils\\resolveUrl.js": {"path":"E:\\GRM\\PROJ\\frontend\\src\\utils\\resolveUrl.js","statementMap":{"0":{"start":{"line":4,"column":2},"end":{"line":6,"column":null}},"1":{"start":{"line":5,"column":4},"end":{"line":5,"column":null}},"2":{"start":{"line":7,"column":2},"end":{"line":9,"column":null}},"3":{"start":{"line":8,"column":4},"end":{"line":8,"column":null}},"4":{"start":{"line":10,"column":2},"end":{"line":10,"column":null}},"5":{"start":{"line":10,"column":12},"end":{"line":10,"column":null}},"6":{"start":{"line":11,"column":2},"end":{"line":11,"column":null}},"7":{"start":{"line":12,"column":2},"end":{"line":12,"column":null}},"8":{"start":{"line":12,"column":63},"end":{"line":12,"column":null}},"9":{"start":{"line":13,"column":2},"end":{"line":13,"column":null}},"10":{"start":{"line":13,"column":58},"end":{"line":13,"column":null}},"11":{"start":{"line":15,"column":15},"end":{"line":15,"column":29}},"12":{"start":{"line":16,"column":15},"end":{"line":16,"column":null}},"13":{"start":{"line":17,"column":2},"end":{"line":17,"column":null}}},"fnMap":{"0":{"name":"resolveApiAssetUrl","decl":{"start":{"line":3,"column":16},"end":{"line":3,"column":35}},"loc":{"start":{"line":3,"column":40},"end":{"line":18,"column":null}},"line":3}},"branchMap":{"0":{"loc":{"start":{"line":4,"column":2},"end":{"line":6,"column":null}},"type":"if","locations":[{"start":{"line":4,"column":2},"end":{"line":6,"column":null}},{"start":{},"end":{}}],"line":4},"1":{"loc":{"start":{"line":7,"column":2},"end":{"line":9,"column":null}},"type":"if","locations":[{"start":{"line":7,"column":2},"end":{"line":9,"column":null}},{"start":{},"end":{}}],"line":7},"2":{"loc":{"start":{"line":7,"column":6},"end":{"line":7,"column":38}},"type":"binary-expr","locations":[{"start":{"line":7,"column":6},"end":{"line":7,"column":13}},{"start":{"line":7,"column":13},"end":{"line":7,"column":38}}],"line":7},"3":{"loc":{"start":{"line":8,"column":10},"end":{"line":8,"column":null}},"type":"binary-expr","locations":[{"start":{"line":8,"column":10},"end":{"line":8,"column":21}},{"start":{"line":8,"column":21},"end":{"line":8,"column":38}},{"start":{"line":8,"column":38},"end":{"line":8,"column":50}},{"start":{"line":8,"column":50},"end":{"line":8,"column":61}},{"start":{"line":8,"column":61},"end":{"line":8,"column":null}}],"line":8},"4":{"loc":{"start":{"line":10,"column":2},"end":{"line":10,"column":null}},"type":"if","locations":[{"start":{"line":10,"column":2},"end":{"line":10,"column":null}},{"start":{},"end":{}}],"line":10},"5":{"loc":{"start":{"line":12,"column":2},"end":{"line":12,"column":null}},"type":"if","locations":[{"start":{"line":12,"column":2},"end":{"line":12,"column":null}},{"start":{},"end":{}}],"line":12},"6":{"loc":{"start":{"line":12,"column":6},"end":{"line":12,"column":63}},"type":"binary-expr","locations":[{"start":{"line":12,"column":6},"end":{"line":12,"column":35}},{"start":{"line":12,"column":35},"end":{"line":12,"column":63}}],"line":12},"7":{"loc":{"start":{"line":13,"column":2},"end":{"line":13,"column":null}},"type":"if","locations":[{"start":{"line":13,"column":2},"end":{"line":13,"column":null}},{"start":{},"end":{}}],"line":13},"8":{"loc":{"start":{"line":13,"column":6},"end":{"line":13,"column":58}},"type":"binary-expr","locations":[{"start":{"line":13,"column":6},"end":{"line":13,"column":33}},{"start":{"line":13,"column":33},"end":{"line":13,"column":58}}],"line":13},"9":{"loc":{"start":{"line":16,"column":15},"end":{"line":16,"column":null}},"type":"cond-expr","locations":[{"start":{"line":16,"column":37},"end":{"line":16,"column":43}},{"start":{"line":16,"column":43},"end":{"line":16,"column":null}}],"line":16}},"s":{"0":1,"1":0,"2":1,"3":0,"4":1,"5":0,"6":1,"7":1,"8":0,"9":1,"10":0,"11":1,"12":1,"13":1},"f":{"0":1},"b":{"0":[0,1],"1":[0,1],"2":[1,1],"3":[0,0,0,0,0],"4":[0,1],"5":[0,1],"6":[1,1],"7":[0,1],"8":[1,1],"9":[0,1]},"meta":{"lastBranch":10,"lastFunction":1,"lastStatement":14,"seen":{"f:3:16:3:35":0,"b:4:2:6:Infinity:undefined:undefined:undefined:undefined":0,"s:4:2:6:Infinity":0,"s:5:4:5:Infinity":1,"b:7:2:9:Infinity:undefined:undefined:undefined:undefined":1,"s:7:2:9:Infinity":2,"b:7:6:7:13:7:13:7:38":2,"s:8:4:8:Infinity":3,"b:8:10:8:21:8:21:8:38:8:38:8:50:8:50:8:61:8:61:8:Infinity":3,"b:10:2:10:Infinity:undefined:undefined:undefined:undefined":4,"s:10:2:10:Infinity":4,"s:10:12:10:Infinity":5,"s:11:2:11:Infinity":6,"b:12:2:12:Infinity:undefined:undefined:undefined:undefined":5,"s:12:2:12:Infinity":7,"b:12:6:12:35:12:35:12:63":6,"s:12:63:12:Infinity":8,"b:13:2:13:Infinity:undefined:undefined:undefined:undefined":7,"s:13:2:13:Infinity":9,"b:13:6:13:33:13:33:13:58":8,"s:13:58:13:Infinity":10,"s:15:15:15:29":11,"s:16:15:16:Infinity":12,"b:16:37:16:43:16:43:16:Infinity":9,"s:17:2:17:Infinity":13},"fnNames":{}}}
,"E:\\GRM\\PROJ\\frontend\\src\\utils\\weight.js": {"path":"E:\\GRM\\PROJ\\frontend\\src\\utils\\weight.js","statementMap":{"0":{"start":{"line":2,"column":2},"end":{"line":7,"column":null}},"1":{"start":{"line":3,"column":24},"end":{"line":3,"column":null}},"2":{"start":{"line":4,"column":4},"end":{"line":6,"column":null}},"3":{"start":{"line":5,"column":6},"end":{"line":5,"column":null}},"4":{"start":{"line":9,"column":22},"end":{"line":9,"column":null}},"5":{"start":{"line":10,"column":2},"end":{"line":12,"column":null}},"6":{"start":{"line":11,"column":4},"end":{"line":11,"column":null}},"7":{"start":{"line":14,"column":2},"end":{"line":14,"column":null}},"8":{"start":{"line":18,"column":2},"end":{"line":20,"column":null}},"9":{"start":{"line":19,"column":4},"end":{"line":19,"column":null}},"10":{"start":{"line":21,"column":2},"end":{"line":21,"column":null}},"11":{"start":{"line":25,"column":23},"end":{"line":25,"column":null}},"12":{"start":{"line":26,"column":2},"end":{"line":28,"column":null}},"13":{"start":{"line":27,"column":4},"end":{"line":27,"column":null}},"14":{"start":{"line":30,"column":20},"end":{"line":32,"column":null}},"15":{"start":{"line":34,"column":2},"end":{"line":34,"column":null}},"16":{"start":{"line":38,"column":16},"end":{"line":38,"column":null}},"17":{"start":{"line":39,"column":2},"end":{"line":41,"column":null}},"18":{"start":{"line":40,"column":4},"end":{"line":40,"column":null}},"19":{"start":{"line":42,"column":2},"end":{"line":42,"column":null}}},"fnMap":{"0":{"name":"getWeightValue","decl":{"start":{"line":1,"column":16},"end":{"line":1,"column":31}},"loc":{"start":{"line":1,"column":39},"end":{"line":15,"column":null}},"line":1},"1":{"name":"getWeightUnit","decl":{"start":{"line":17,"column":16},"end":{"line":17,"column":30}},"loc":{"start":{"line":17,"column":38},"end":{"line":22,"column":null}},"line":17},"2":{"name":"formatWeight","decl":{"start":{"line":24,"column":16},"end":{"line":24,"column":29}},"loc":{"start":{"line":24,"column":49},"end":{"line":35,"column":null}},"line":24},"3":{"name":"getFormattedWeight","decl":{"start":{"line":37,"column":16},"end":{"line":37,"column":35}},"loc":{"start":{"line":37,"column":43},"end":{"line":43,"column":null}},"line":37}},"branchMap":{"0":{"loc":{"start":{"line":2,"column":2},"end":{"line":7,"column":null}},"type":"if","locations":[{"start":{"line":2,"column":2},"end":{"line":7,"column":null}},{"start":{},"end":{}}],"line":2},"1":{"loc":{"start":{"line":2,"column":6},"end":{"line":2,"column":59}},"type":"binary-expr","locations":[{"start":{"line":2,"column":6},"end":{"line":2,"column":24}},{"start":{"line":2,"column":24},"end":{"line":2,"column":59}}],"line":2},"2":{"loc":{"start":{"line":4,"column":4},"end":{"line":6,"column":null}},"type":"if","locations":[{"start":{"line":4,"column":4},"end":{"line":6,"column":null}},{"start":{},"end":{}}],"line":4},"3":{"loc":{"start":{"line":4,"column":8},"end":{"line":4,"column":57}},"type":"binary-expr","locations":[{"start":{"line":4,"column":8},"end":{"line":4,"column":40}},{"start":{"line":4,"column":40},"end":{"line":4,"column":57}}],"line":4},"4":{"loc":{"start":{"line":10,"column":2},"end":{"line":12,"column":null}},"type":"if","locations":[{"start":{"line":10,"column":2},"end":{"line":12,"column":null}},{"start":{},"end":{}}],"line":10},"5":{"loc":{"start":{"line":10,"column":6},"end":{"line":10,"column":55}},"type":"binary-expr","locations":[{"start":{"line":10,"column":6},"end":{"line":10,"column":38}},{"start":{"line":10,"column":38},"end":{"line":10,"column":55}}],"line":10},"6":{"loc":{"start":{"line":18,"column":2},"end":{"line":20,"column":null}},"type":"if","locations":[{"start":{"line":18,"column":2},"end":{"line":20,"column":null}},{"start":{},"end":{}}],"line":18},"7":{"loc":{"start":{"line":18,"column":6},"end":{"line":18,"column":81}},"type":"binary-expr","locations":[{"start":{"line":18,"column":6},"end":{"line":18,"column":24}},{"start":{"line":18,"column":24},"end":{"line":18,"column":61}},{"start":{"line":18,"column":61},"end":{"line":18,"column":81}}],"line":18},"8":{"loc":{"start":{"line":24,"column":36},"end":{"line":24,"column":49}},"type":"default-arg","locations":[{"start":{"line":24,"column":43},"end":{"line":24,"column":49}}],"line":24},"9":{"loc":{"start":{"line":26,"column":2},"end":{"line":28,"column":null}},"type":"if","locations":[{"start":{"line":26,"column":2},"end":{"line":28,"column":null}},{"start":{},"end":{}}],"line":26},"10":{"loc":{"start":{"line":26,"column":6},"end":{"line":26,"column":59}},"type":"binary-expr","locations":[{"start":{"line":26,"column":6},"end":{"line":26,"column":40}},{"start":{"line":26,"column":40},"end":{"line":26,"column":59}}],"line":26},"11":{"loc":{"start":{"line":30,"column":20},"end":{"line":32,"column":null}},"type":"cond-expr","locations":[{"start":{"line":31,"column":6},"end":{"line":31,"column":null}},{"start":{"line":32,"column":6},"end":{"line":32,"column":null}}],"line":30},"12":{"loc":{"start":{"line":39,"column":2},"end":{"line":41,"column":null}},"type":"if","locations":[{"start":{"line":39,"column":2},"end":{"line":41,"column":null}},{"start":{},"end":{}}],"line":39}},"s":{"0":0,"1":0,"2":0,"3":0,"4":0,"5":0,"6":0,"7":0,"8":0,"9":0,"10":0,"11":0,"12":0,"13":0,"14":0,"15":0,"16":0,"17":0,"18":0,"19":0},"f":{"0":0,"1":0,"2":0,"3":0},"b":{"0":[0,0],"1":[0,0],"2":[0,0],"3":[0,0],"4":[0,0],"5":[0,0],"6":[0,0],"7":[0,0,0],"8":[0],"9":[0,0],"10":[0,0],"11":[0,0],"12":[0,0]},"meta":{"lastBranch":13,"lastFunction":4,"lastStatement":20,"seen":{"f:1:16:1:31":0,"b:2:2:7:Infinity:undefined:undefined:undefined:undefined":0,"s:2:2:7:Infinity":0,"b:2:6:2:24:2:24:2:59":1,"s:3:24:3:Infinity":1,"b:4:4:6:Infinity:undefined:undefined:undefined:undefined":2,"s:4:4:6:Infinity":2,"b:4:8:4:40:4:40:4:57":3,"s:5:6:5:Infinity":3,"s:9:22:9:Infinity":4,"b:10:2:12:Infinity:undefined:undefined:undefined:undefined":4,"s:10:2:12:Infinity":5,"b:10:6:10:38:10:38:10:55":5,"s:11:4:11:Infinity":6,"s:14:2:14:Infinity":7,"f:17:16:17:30":1,"b:18:2:20:Infinity:undefined:undefined:undefined:undefined":6,"s:18:2:20:Infinity":8,"b:18:6:18:24:18:24:18:61:18:61:18:81":7,"s:19:4:19:Infinity":9,"s:21:2:21:Infinity":10,"f:24:16:24:29":2,"b:24:43:24:49":8,"s:25:23:25:Infinity":11,"b:26:2:28:Infinity:undefined:undefined:undefined:undefined":9,"s:26:2:28:Infinity":12,"b:26:6:26:40:26:40:26:59":10,"s:27:4:27:Infinity":13,"s:30:20:32:Infinity":14,"b:31:6:31:Infinity:32:6:32:Infinity":11,"s:34:2:34:Infinity":15,"f:37:16:37:35":3,"s:38:16:38:Infinity":16,"b:39:2:41:Infinity:undefined:undefined:undefined:undefined":12,"s:39:2:41:Infinity":17,"s:40:4:40:Infinity":18,"s:42:2:42:Infinity":19},"fnNames":{}}}
}
